Using pre-set license
Built from '6000.1/staging' branch; Version is '6000.1.17f1 (c0b9d3899998) revision 12630483'; Using compiler version '194234433'; Build Type 'Release'
OS: 'Windows 11  (10.0.26100) 64bit Education' Language: 'fr' Physical Memory: 15969 MB
BatchMode: 1, IsHumanControllingUs: 0, StartBugReporterOnCrash: 0, Is64bit: 1, IsPro: 1
Date: 2025-10-20T12:17:55Z

COMMAND LINE ARGUMENTS:
C:\Program Files\Unity\Hub\6000.1.17f1\Editor\Unity.exe
-adb2
-batchMode
-noUpm
-name
AssetImportWorker6
-projectPath
C:/Users/lbeden/Documents/GitHub/TP_FPS
-logFile
Logs/AssetImportWorker6.log
-srvPort
62204
-job-worker-count
7
-background-job-worker-count
8
-gc-helper-count
1
-name
AssetImport
Successfully changed project path to: C:/Users/lbeden/Documents/GitHub/TP_FPS
C:/Users/lbeden/Documents/GitHub/TP_FPS
[UnityMemory] Configuration Parameters - Can be set up in boot.config
    "memorysetup-allocator-temp-initial-block-size-main=262144"
    "memorysetup-allocator-temp-initial-block-size-worker=262144"
    "memorysetup-bucket-allocator-granularity=16"
    "memorysetup-bucket-allocator-bucket-count=8"
    "memorysetup-bucket-allocator-block-size=33554432"
    "memorysetup-bucket-allocator-block-count=8"
    "memorysetup-main-allocator-block-size=16777216"
    "memorysetup-thread-allocator-block-size=16777216"
    "memorysetup-gfx-main-allocator-block-size=16777216"
    "memorysetup-gfx-thread-allocator-block-size=16777216"
    "memorysetup-cache-allocator-block-size=4194304"
    "memorysetup-typetree-allocator-block-size=2097152"
    "memorysetup-profiler-bucket-allocator-granularity=16"
    "memorysetup-profiler-bucket-allocator-bucket-count=8"
    "memorysetup-profiler-bucket-allocator-block-size=33554432"
    "memorysetup-profiler-bucket-allocator-block-count=8"
    "memorysetup-profiler-allocator-block-size=16777216"
    "memorysetup-profiler-editor-allocator-block-size=1048576"
    "memorysetup-temp-allocator-size-main=16777216"
    "memorysetup-job-temp-allocator-block-size=2097152"
    "memorysetup-job-temp-allocator-block-size-background=1048576"
    "memorysetup-job-temp-allocator-reduction-small-platforms=262144"
    "memorysetup-temp-allocator-size-background-worker=32768"
    "memorysetup-temp-allocator-size-job-worker=262144"
    "memorysetup-temp-allocator-size-preload-manager=33554432"
    "memorysetup-temp-allocator-size-nav-mesh-worker=65536"
    "memorysetup-temp-allocator-size-audio-worker=65536"
    "memorysetup-temp-allocator-size-cloud-worker=32768"
    "memorysetup-temp-allocator-size-gi-baking-worker=262144"
    "memorysetup-temp-allocator-size-gi-baking-worker=262144"
    "memorysetup-temp-allocator-size-gi-baking-worker=262144"
    "memorysetup-temp-allocator-size-gi-baking-worker=262144"
    "memorysetup-temp-allocator-size-gi-baking-worker=262144"
    "memorysetup-temp-allocator-size-gfx=262144"
Player connection [29596]  Target information:

Player connection [29596]  * "[IP] 10.10.141.14 [Port] 0 [Flags] 2 [Guid] 3486270920 [EditorId] 3486270920 [Version] 1048832 [Id] WindowsEditor(7,GCFRLY406) [Debug] 1 [PackageName] WindowsEditor [ProjectName] Editor" 

Player connection [29596] Host joined multi-casting on [225.0.0.222:54997]...
Player connection [29596] Host joined alternative multi-casting on [225.0.0.222:34997]...
JobSystem: Creating JobQueue using job-worker-count value 7
Input System module state changed to: Initialized.
[Physics::Module] Initialized fallback backend.
[Physics::Module] Id: 0xdecafbad
Library Redirect Path: Library/
[Physics::Module] Selected backend.
[Physics::Module] Name: PhysX
[Physics::Module] Id: 0xf2b8ea05
[Physics::Module] SDK Version: 4.1.2
[Physics::Module] Integration Version: 1.0.0
[Physics::Module] Threading Mode: Multi-Threaded
Refreshing native plugins compatible for Editor in 4.57 ms, found 3 plugins.
Preloading 0 native plugins for Editor in 0.00 ms.
Initialize engine version: 6000.1.17f1 (c0b9d3899998)
[Subsystems] Discovering subsystems at path C:/Program Files/Unity/Hub/6000.1.17f1/Editor/Data/Resources/UnitySubsystems
[Subsystems] Discovering subsystems at path C:/Users/lbeden/Documents/GitHub/TP_FPS/Assets
GfxDevice: creating device client; kGfxThreadingModeNonThreaded
Direct3D:
    Version:         Direct3D 12 [level 12.1]
    Renderer:        NVIDIA GeForce RTX 3070 (ID=0x2488)
    Vendor:          NVIDIA
    VRAM:            8018 MB
    App VRAM Budget: 7250 MB
    Driver:          32.0.15.8097
Initialize mono
Mono path[0] = 'C:/Program Files/Unity/Hub/6000.1.17f1/Editor/Data/Managed'
Mono path[1] = 'C:/Program Files/Unity/Hub/6000.1.17f1/Editor/Data/MonoBleedingEdge/lib/mono/unityjit-win32'
Mono config path = 'C:/Program Files/Unity/Hub/6000.1.17f1/Editor/Data/MonoBleedingEdge/etc'
Using monoOptions --debugger-agent=transport=dt_socket,embedding=1,server=y,suspend=n,address=127.0.0.1:56640
Begin MonoManager ReloadAssembly
Registering precompiled unity dll's ...
Register platform support module: C:/Program Files/Unity/Hub/6000.1.17f1/Editor/Data/PlaybackEngines/WindowsStandaloneSupport/UnityEditor.WindowsStandalone.Extensions.dll
Register platform support module: C:/Program Files/Unity/Hub/6000.1.17f1/Editor/Data/PlaybackEngines/AndroidPlayer/UnityEditor.Android.Extensions.dll
Registered in 0.003341 seconds.
- Loaded All Assemblies, in  0.527 seconds
Native extension for Android target not found
Android Extension - Scanning For ADB Devices 428 ms
Native extension for WindowsStandalone target not found
Mono: successfully reloaded assembly
- Finished resetting the current domain, in  0.934 seconds
Domain Reload Profiling: 1456ms
	BeginReloadAssembly (168ms)
		ExecutionOrderSort (0ms)
		DisableScriptedObjects (0ms)
		BackupInstance (0ms)
		ReleaseScriptingObjects (0ms)
		CreateAndSetChildDomain (1ms)
	RebuildCommonClasses (44ms)
	RebuildNativeTypeToScriptingClass (15ms)
	initialDomainReloadingComplete (62ms)
	LoadAllAssembliesAndSetupDomain (232ms)
		LoadAssemblies (165ms)
		RebuildTransferFunctionScriptingTraits (0ms)
		AnalyzeDomain (226ms)
			TypeCache.Refresh (223ms)
				TypeCache.ScanAssembly (207ms)
			BuildScriptInfoCaches (0ms)
			ResolveRequiredComponents (1ms)
	FinalizeReload (935ms)
		ReleaseScriptCaches (0ms)
		RebuildScriptCaches (0ms)
		SetupLoadedEditorAssemblies (859ms)
			LogAssemblyErrors (0ms)
			InitializePlatformSupportModulesInManaged (574ms)
			SetLoadedEditorAssemblies (4ms)
			BeforeProcessingInitializeOnLoad (67ms)
			ProcessInitializeOnLoadAttributes (139ms)
			ProcessInitializeOnLoadMethodAttributes (74ms)
			AfterProcessingInitializeOnLoad (0ms)
			EditorAssembliesLoaded (0ms)
		ExecutionOrderSort2 (0ms)
		AwakeInstancesAfterBackupRestoration (0ms)
Assembly reference Packages/com.unity.cinemachine/Editor/Samples/ExposeHDRPInternals/HDRP-Editor-ref.asmref has no target assembly definition
========================================================================
Worker process is ready to serve import requests
Import Worker Mode flag is 0x00
Assembly reference Packages/com.unity.cinemachine/Editor/Samples/ExposeHDRPInternals/HDRP-Editor-ref.asmref has no target assembly definition
Assembly reference Packages/com.unity.cinemachine/Editor/Samples/ExposeHDRPInternals/HDRP-Editor-ref.asmref has no target assembly definition
Begin MonoManager ReloadAssembly
- Loaded All Assemblies, in  0.993 seconds
Assembly reference Packages/com.unity.cinemachine/Editor/Samples/ExposeHDRPInternals/HDRP-Editor-ref.asmref has no target assembly definition
'Packages/com.unity.cinemachine/Editor/Obsolete/CinemachineVirtualCameraBaseEditor.cs' contains partial class of Unity.Object, exactly 1 of the partial classes needs to be in a file with the same filename. This is to know the one that can be referenced from ie. GameObjects
'Packages/com.unity.cinemachine/Editor/Editors/CinemachineVirtualCameraBaseEditor.cs' contains partial class of Unity.Object, exactly 1 of the partial classes needs to be in a file with the same filename. This is to know the one that can be referenced from ie. GameObjects
Refreshing native plugins compatible for Editor in 1.59 ms, found 3 plugins.
Native extension for Android target not found
Native extension for WindowsStandalone target not found
Assembly reference Packages/com.unity.cinemachine/Editor/Samples/ExposeHDRPInternals/HDRP-Editor-ref.asmref has no target assembly definition
Package Manager log level set to [2]
[Package Manager] Failed to launch server process. Reason: Unity was launched with the -noUpm command-line argument
[Package Manager] Unable to send message (not connected to server process).
[Package Manager] Cannot connect to Unity Package Manager local server
Mono: successfully reloaded assembly
- Finished resetting the current domain, in  0.734 seconds
Domain Reload Profiling: 1720ms
	BeginReloadAssembly (231ms)
		ExecutionOrderSort (0ms)
		DisableScriptedObjects (8ms)
		BackupInstance (0ms)
		ReleaseScriptingObjects (0ms)
		CreateAndSetChildDomain (39ms)
	RebuildCommonClasses (39ms)
	RebuildNativeTypeToScriptingClass (12ms)
	initialDomainReloadingComplete (53ms)
	LoadAllAssembliesAndSetupDomain (652ms)
		LoadAssemblies (492ms)
		RebuildTransferFunctionScriptingTraits (0ms)
		AnalyzeDomain (299ms)
			TypeCache.Refresh (227ms)
				TypeCache.ScanAssembly (208ms)
			BuildScriptInfoCaches (54ms)
			ResolveRequiredComponents (13ms)
	FinalizeReload (734ms)
		ReleaseScriptCaches (0ms)
		RebuildScriptCaches (0ms)
		SetupLoadedEditorAssemblies (519ms)
			LogAssemblyErrors (0ms)
			InitializePlatformSupportModulesInManaged (10ms)
			SetLoadedEditorAssemblies (3ms)
			BeforeProcessingInitializeOnLoad (113ms)
			ProcessInitializeOnLoadAttributes (336ms)
			ProcessInitializeOnLoadMethodAttributes (50ms)
			AfterProcessingInitializeOnLoad (7ms)
			EditorAssembliesLoaded (0ms)
		ExecutionOrderSort2 (0ms)
		AwakeInstancesAfterBackupRestoration (6ms)
Launched and connected shader compiler UnityShaderCompiler.exe after 0.03 seconds
Refreshing native plugins compatible for Editor in 1.64 ms, found 3 plugins.
Preloading 0 native plugins for Editor in 0.00 ms.
Unloading 13 Unused Serialized files (Serialized files now loaded: 0)
Unloading 6482 unused Assets / (5.6 MB). Loaded Objects now: 7182.
Memory consumption went from 131.8 MB to 126.2 MB.
Total: 12.404100 ms (FindLiveObjects: 1.209200 ms CreateObjectMapping: 1.033400 ms MarkObjects: 6.851100 ms  DeleteObjects: 3.308800 ms)

========================================================================
Received Import Request.
  Time since last request: 436154.530984 seconds.
  path: Assets/_Resources/Pandazole_Ultimate_Pack/Pandazole Nature Environment Pack/Models/Cactus_31_A.fbx
  artifactKey: Guid(fdf4f2abba686f644a33891009b3694a) Importer(815301076,1909f56bfc062723c751e8b465ee728b)
Start importing Assets/_Resources/Pandazole_Ultimate_Pack/Pandazole Nature Environment Pack/Models/Cactus_31_A.fbx using Guid(fdf4f2abba686f644a33891009b3694a) Importer(815301076,1909f56bfc062723c751e8b465ee728b) (PreviewImporter) -> (artifact id: 'd6ae1325c36b2ae965bfda1615946f27') in 0.6936335 seconds
Number of updated asset objects reloaded before import = 0Number of asset objects unloaded after import = 9

========================================================================
Received Import Request.
  Time since last request: 0.000033 seconds.
  path: Assets/_Resources/Pandazole_Ultimate_Pack/Pandazole Nature Environment Pack/Models/Coral_12.fbx
  artifactKey: Guid(9b360ee27576a414dbea722945913146) Importer(815301076,1909f56bfc062723c751e8b465ee728b)
Start importing Assets/_Resources/Pandazole_Ultimate_Pack/Pandazole Nature Environment Pack/Models/Coral_12.fbx using Guid(9b360ee27576a414dbea722945913146) Importer(815301076,1909f56bfc062723c751e8b465ee728b) (PreviewImporter) -> (artifact id: 'bf0fec7eeff4b8b50df7d431b4a932fa') in 0.0256678 seconds
Number of updated asset objects reloaded before import = 0Number of asset objects unloaded after import = 9

========================================================================
Received Import Request.
  Time since last request: 0.000039 seconds.
  path: Assets/_Resources/Pandazole_Ultimate_Pack/Pandazole Nature Environment Pack/Models/Coral_08.fbx
  artifactKey: Guid(7bd4248112267ca40a35cfb1f05b28e5) Importer(815301076,1909f56bfc062723c751e8b465ee728b)
Start importing Assets/_Resources/Pandazole_Ultimate_Pack/Pandazole Nature Environment Pack/Models/Coral_08.fbx using Guid(7bd4248112267ca40a35cfb1f05b28e5) Importer(815301076,1909f56bfc062723c751e8b465ee728b) (PreviewImporter) -> (artifact id: '7bc13835715a7c69539f7422ef60903e') in 0.0318496 seconds
Number of updated asset objects reloaded before import = 0Number of asset objects unloaded after import = 9

========================================================================
Received Import Request.
  Time since last request: 0.000024 seconds.
  path: Assets/_Resources/Pandazole_Ultimate_Pack/Pandazole Nature Environment Pack/Models/Coral_15.fbx
  artifactKey: Guid(b8134a8430d77dd40b7fd5ceec937e40) Importer(815301076,1909f56bfc062723c751e8b465ee728b)
Start importing Assets/_Resources/Pandazole_Ultimate_Pack/Pandazole Nature Environment Pack/Models/Coral_15.fbx using Guid(b8134a8430d77dd40b7fd5ceec937e40) Importer(815301076,1909f56bfc062723c751e8b465ee728b) (PreviewImporter) -> (artifact id: '866658a4573a4f16bea5ed99e941cb5e') in 0.0364252 seconds
Number of updated asset objects reloaded before import = 0Number of asset objects unloaded after import = 9

========================================================================
Received Import Request.
  Time since last request: 0.000022 seconds.
  path: Assets/_Resources/Pandazole_Ultimate_Pack/Pandazole Nature Environment Pack/Models/Cactus_36_A.fbx
  artifactKey: Guid(e50d13dc36893664cbabaecd33c7a76c) Importer(815301076,1909f56bfc062723c751e8b465ee728b)
Start importing Assets/_Resources/Pandazole_Ultimate_Pack/Pandazole Nature Environment Pack/Models/Cactus_36_A.fbx using Guid(e50d13dc36893664cbabaecd33c7a76c) Importer(815301076,1909f56bfc062723c751e8b465ee728b) (PreviewImporter) -> (artifact id: '558b0238b6f7a79493304d38cff5dbee') in 0.030459 seconds
Number of updated asset objects reloaded before import = 0Number of asset objects unloaded after import = 9

========================================================================
Received Import Request.
  Time since last request: 0.000026 seconds.
  path: Assets/_Resources/Pandazole_Ultimate_Pack/Pandazole Nature Environment Pack/Models/Cactus_38_A.fbx
  artifactKey: Guid(813fe36e2cc452e4e97ba18629e17be5) Importer(815301076,1909f56bfc062723c751e8b465ee728b)
Start importing Assets/_Resources/Pandazole_Ultimate_Pack/Pandazole Nature Environment Pack/Models/Cactus_38_A.fbx using Guid(813fe36e2cc452e4e97ba18629e17be5) Importer(815301076,1909f56bfc062723c751e8b465ee728b) (PreviewImporter) -> (artifact id: 'a66e4423ea4f64c6c233d5664f145254') in 0.0222505 seconds
Number of updated asset objects reloaded before import = 0Number of asset objects unloaded after import = 9

========================================================================
Received Import Request.
  Time since last request: 0.000040 seconds.
  path: Assets/_Resources/Pandazole_Ultimate_Pack/Pandazole Nature Environment Pack/Models/Coral_09.fbx
  artifactKey: Guid(85fc9229e61470f4f95635896a0146c4) Importer(815301076,1909f56bfc062723c751e8b465ee728b)
Start importing Assets/_Resources/Pandazole_Ultimate_Pack/Pandazole Nature Environment Pack/Models/Coral_09.fbx using Guid(85fc9229e61470f4f95635896a0146c4) Importer(815301076,1909f56bfc062723c751e8b465ee728b) (PreviewImporter) -> (artifact id: '4416a71011782f953d74de0d17ff0ba5') in 0.0224394 seconds
Number of updated asset objects reloaded before import = 0Number of asset objects unloaded after import = 9

========================================================================
Received Import Request.
  Time since last request: 0.000029 seconds.
  path: Assets/_Resources/Pandazole_Ultimate_Pack/Pandazole Nature Environment Pack/Models/Coral_30.fbx
  artifactKey: Guid(c37af2e2ce034754d93c88fd79f8eeee) Importer(815301076,1909f56bfc062723c751e8b465ee728b)
Start importing Assets/_Resources/Pandazole_Ultimate_Pack/Pandazole Nature Environment Pack/Models/Coral_30.fbx using Guid(c37af2e2ce034754d93c88fd79f8eeee) Importer(815301076,1909f56bfc062723c751e8b465ee728b) (PreviewImporter) -> (artifact id: '44b19665efe1619245c626152b1e1d4f') in 0.0306605 seconds
Number of updated asset objects reloaded before import = 0Number of asset objects unloaded after import = 9

========================================================================
Received Import Request.
  Time since last request: 0.000033 seconds.
  path: Assets/_Resources/Pandazole_Ultimate_Pack/Pandazole Nature Environment Pack/Models/Coral_02.fbx
  artifactKey: Guid(b555d7a9406019244b7f7189534f3d02) Importer(815301076,1909f56bfc062723c751e8b465ee728b)
Start importing Assets/_Resources/Pandazole_Ultimate_Pack/Pandazole Nature Environment Pack/Models/Coral_02.fbx using Guid(b555d7a9406019244b7f7189534f3d02) Importer(815301076,1909f56bfc062723c751e8b465ee728b) (PreviewImporter) -> (artifact id: 'a1089cb291aee9f659ddda08c993f039') in 0.0240914 seconds
Number of updated asset objects reloaded before import = 0Number of asset objects unloaded after import = 9

========================================================================
Received Import Request.
  Time since last request: 0.000032 seconds.
  path: Assets/_Resources/Pandazole_Ultimate_Pack/Pandazole Nature Environment Pack/Models/Coral_05.fbx
  artifactKey: Guid(e1d329572eaef7349a6fd924bbe16ec1) Importer(815301076,1909f56bfc062723c751e8b465ee728b)
Start importing Assets/_Resources/Pandazole_Ultimate_Pack/Pandazole Nature Environment Pack/Models/Coral_05.fbx using Guid(e1d329572eaef7349a6fd924bbe16ec1) Importer(815301076,1909f56bfc062723c751e8b465ee728b) (PreviewImporter) -> (artifact id: '31055e8860c7d5798a361d6f9881aafe') in 0.0215432 seconds
Number of updated asset objects reloaded before import = 0Number of asset objects unloaded after import = 9

========================================================================
Received Import Request.
  Time since last request: 0.000243 seconds.
  path: Assets/_Resources/Pandazole_Ultimate_Pack/Pandazole Nature Environment Pack/Models/Cactus_34_B.fbx
  artifactKey: Guid(ad37b8ba2c7542a42a16909aa58c6c5e) Importer(815301076,1909f56bfc062723c751e8b465ee728b)
Start importing Assets/_Resources/Pandazole_Ultimate_Pack/Pandazole Nature Environment Pack/Models/Cactus_34_B.fbx using Guid(ad37b8ba2c7542a42a16909aa58c6c5e) Importer(815301076,1909f56bfc062723c751e8b465ee728b) (PreviewImporter) -> (artifact id: '4e7c9ebbf1854e63d6fb3bcd82f579a0') in 0.0235946 seconds
Number of updated asset objects reloaded before import = 0Number of asset objects unloaded after import = 9

========================================================================
Received Import Request.
  Time since last request: 0.000035 seconds.
  path: Assets/_Resources/Pandazole_Ultimate_Pack/Pandazole Nature Environment Pack/Models/Coral_26.fbx
  artifactKey: Guid(005ab836306c4a9449a2636fb31d6fc3) Importer(815301076,1909f56bfc062723c751e8b465ee728b)
Start importing Assets/_Resources/Pandazole_Ultimate_Pack/Pandazole Nature Environment Pack/Models/Coral_26.fbx using Guid(005ab836306c4a9449a2636fb31d6fc3) Importer(815301076,1909f56bfc062723c751e8b465ee728b) (PreviewImporter) -> (artifact id: 'e1d60eb7f8fe6daf128f9aa795315926') in 0.0252619 seconds
Number of updated asset objects reloaded before import = 0Number of asset objects unloaded after import = 9

========================================================================
Received Import Request.
  Time since last request: 0.000030 seconds.
  path: Assets/_Resources/Pandazole_Ultimate_Pack/Pandazole Nature Environment Pack/Models/Coral_03.fbx
  artifactKey: Guid(4b1c9b47c89bbc54c81173fe9516bb94) Importer(815301076,1909f56bfc062723c751e8b465ee728b)
Start importing Assets/_Resources/Pandazole_Ultimate_Pack/Pandazole Nature Environment Pack/Models/Coral_03.fbx using Guid(4b1c9b47c89bbc54c81173fe9516bb94) Importer(815301076,1909f56bfc062723c751e8b465ee728b) (PreviewImporter) -> (artifact id: '11791dfb938f0a076bfb9f389ee0291c') in 0.0222996 seconds
Number of updated asset objects reloaded before import = 0Number of asset objects unloaded after import = 9

========================================================================
Received Import Request.
  Time since last request: 3.953999 seconds.
  path: Assets/_Resources/Pandazole_Ultimate_Pack/Pandazole Nature Environment Pack/Models/Flower_10.fbx
  artifactKey: Guid(e6bcc38f3f5bb0b48b540c793636cc87) Importer(815301076,1909f56bfc062723c751e8b465ee728b)
Start importing Assets/_Resources/Pandazole_Ultimate_Pack/Pandazole Nature Environment Pack/Models/Flower_10.fbx using Guid(e6bcc38f3f5bb0b48b540c793636cc87) Importer(815301076,1909f56bfc062723c751e8b465ee728b) (PreviewImporter) -> (artifact id: '348f9d8860c110aaedaff340454e1a37') in 0.0419556 seconds
Number of updated asset objects reloaded before import = 0Number of asset objects unloaded after import = 9

========================================================================
Received Import Request.
  Time since last request: 0.000024 seconds.
  path: Assets/_Resources/Pandazole_Ultimate_Pack/Pandazole Nature Environment Pack/Models/Flower_13.fbx
  artifactKey: Guid(8fcc86a67fb78e640924ce9baa6d8691) Importer(815301076,1909f56bfc062723c751e8b465ee728b)
Start importing Assets/_Resources/Pandazole_Ultimate_Pack/Pandazole Nature Environment Pack/Models/Flower_13.fbx using Guid(8fcc86a67fb78e640924ce9baa6d8691) Importer(815301076,1909f56bfc062723c751e8b465ee728b) (PreviewImporter) -> (artifact id: '9dfbad19e63539037da242452f727099') in 0.0463854 seconds
Number of updated asset objects reloaded before import = 0Number of asset objects unloaded after import = 9

========================================================================
Received Import Request.
  Time since last request: 0.000031 seconds.
  path: Assets/_Resources/Pandazole_Ultimate_Pack/Pandazole Nature Environment Pack/Models/Flower_17.fbx
  artifactKey: Guid(9a02a5190eda4584e915a84a6fd119ec) Importer(815301076,1909f56bfc062723c751e8b465ee728b)
Start importing Assets/_Resources/Pandazole_Ultimate_Pack/Pandazole Nature Environment Pack/Models/Flower_17.fbx using Guid(9a02a5190eda4584e915a84a6fd119ec) Importer(815301076,1909f56bfc062723c751e8b465ee728b) (PreviewImporter) -> (artifact id: '0047a4217d34903174b2596539f43207') in 0.038564 seconds
Number of updated asset objects reloaded before import = 0Number of asset objects unloaded after import = 9

========================================================================
Received Import Request.
  Time since last request: 0.000050 seconds.
  path: Assets/_Resources/Pandazole_Ultimate_Pack/Pandazole Nature Environment Pack/Models/Flower_18.fbx
  artifactKey: Guid(e064cb623ddacc147881f17501db46ef) Importer(815301076,1909f56bfc062723c751e8b465ee728b)
Start importing Assets/_Resources/Pandazole_Ultimate_Pack/Pandazole Nature Environment Pack/Models/Flower_18.fbx using Guid(e064cb623ddacc147881f17501db46ef) Importer(815301076,1909f56bfc062723c751e8b465ee728b) (PreviewImporter) -> (artifact id: '56d993fb1ab8f166051676ebd12115cd') in 0.0373396 seconds
Number of updated asset objects reloaded before import = 0Number of asset objects unloaded after import = 9

========================================================================
Received Import Request.
  Time since last request: 0.790687 seconds.
  path: Assets/_Resources/Pandazole_Ultimate_Pack/Pandazole Nature Environment Pack/Models/Flower_26.fbx
  artifactKey: Guid(75d24ae26fcb1c94cb3ee4e7fcd4c220) Importer(815301076,1909f56bfc062723c751e8b465ee728b)
Start importing Assets/_Resources/Pandazole_Ultimate_Pack/Pandazole Nature Environment Pack/Models/Flower_26.fbx using Guid(75d24ae26fcb1c94cb3ee4e7fcd4c220) Importer(815301076,1909f56bfc062723c751e8b465ee728b) (PreviewImporter) -> (artifact id: '5066e6f7d8832cb3185d574a27104ea3') in 0.0293383 seconds
Number of updated asset objects reloaded before import = 0Number of asset objects unloaded after import = 9

========================================================================
Received Import Request.
  Time since last request: 0.000028 seconds.
  path: Assets/_Resources/Pandazole_Ultimate_Pack/Pandazole Nature Environment Pack/Models/Foliage_01.fbx
  artifactKey: Guid(6512cc44458868044ae6e6710eace9dd) Importer(815301076,1909f56bfc062723c751e8b465ee728b)
Start importing Assets/_Resources/Pandazole_Ultimate_Pack/Pandazole Nature Environment Pack/Models/Foliage_01.fbx using Guid(6512cc44458868044ae6e6710eace9dd) Importer(815301076,1909f56bfc062723c751e8b465ee728b) (PreviewImporter) -> (artifact id: '0caccc81e152b9e343cb0eb19653e7e7') in 0.0294345 seconds
Number of updated asset objects reloaded before import = 0Number of asset objects unloaded after import = 9

========================================================================
Received Import Request.
  Time since last request: 0.000028 seconds.
  path: Assets/_Resources/Pandazole_Ultimate_Pack/Pandazole Nature Environment Pack/Models/Flower_33.fbx
  artifactKey: Guid(4f057597ede71c248afbcf5713f0e313) Importer(815301076,1909f56bfc062723c751e8b465ee728b)
Start importing Assets/_Resources/Pandazole_Ultimate_Pack/Pandazole Nature Environment Pack/Models/Flower_33.fbx using Guid(4f057597ede71c248afbcf5713f0e313) Importer(815301076,1909f56bfc062723c751e8b465ee728b) (PreviewImporter) -> (artifact id: '7a4e6030741db5552f49d91e74ec7dfe') in 0.0243384 seconds
Number of updated asset objects reloaded before import = 0Number of asset objects unloaded after import = 9

========================================================================
Received Import Request.
  Time since last request: 0.000040 seconds.
  path: Assets/_Resources/Pandazole_Ultimate_Pack/Pandazole Nature Environment Pack/Models/Flower_34.fbx
  artifactKey: Guid(efa21b2ec812e6a43897a5e866ca75a6) Importer(815301076,1909f56bfc062723c751e8b465ee728b)
Start importing Assets/_Resources/Pandazole_Ultimate_Pack/Pandazole Nature Environment Pack/Models/Flower_34.fbx using Guid(efa21b2ec812e6a43897a5e866ca75a6) Importer(815301076,1909f56bfc062723c751e8b465ee728b) (PreviewImporter) -> (artifact id: 'd5618c21ded349592c32d00b744b2206') in 0.0221383 seconds
Number of updated asset objects reloaded before import = 0Number of asset objects unloaded after import = 9

========================================================================
Received Import Request.
  Time since last request: 2.204280 seconds.
  path: Assets/_Resources/Pandazole_Ultimate_Pack/Pandazole Nature Environment Pack/Models/Foliage_07.fbx
  artifactKey: Guid(7b0f805dd53fd5548a1004f7edfeb7a0) Importer(815301076,1909f56bfc062723c751e8b465ee728b)
Start importing Assets/_Resources/Pandazole_Ultimate_Pack/Pandazole Nature Environment Pack/Models/Foliage_07.fbx using Guid(7b0f805dd53fd5548a1004f7edfeb7a0) Importer(815301076,1909f56bfc062723c751e8b465ee728b) (PreviewImporter) -> (artifact id: '1772a4309497d93d17469be53459e2e0') in 0.0487317 seconds
Number of updated asset objects reloaded before import = 0Number of asset objects unloaded after import = 9

========================================================================
Received Import Request.
  Time since last request: 0.000023 seconds.
  path: Assets/_Resources/Pandazole_Ultimate_Pack/Pandazole Nature Environment Pack/Models/Grass_07.fbx
  artifactKey: Guid(13120f4f01269714f8b8ae5407732531) Importer(815301076,1909f56bfc062723c751e8b465ee728b)
Start importing Assets/_Resources/Pandazole_Ultimate_Pack/Pandazole Nature Environment Pack/Models/Grass_07.fbx using Guid(13120f4f01269714f8b8ae5407732531) Importer(815301076,1909f56bfc062723c751e8b465ee728b) (PreviewImporter) -> (artifact id: 'e9eea08b615faa52f8353e1d9e9200dd') in 0.0343486 seconds
Number of updated asset objects reloaded before import = 0Number of asset objects unloaded after import = 9

========================================================================
Received Import Request.
  Time since last request: 0.000029 seconds.
  path: Assets/_Resources/Pandazole_Ultimate_Pack/Pandazole Nature Environment Pack/Models/Grass_21.fbx
  artifactKey: Guid(761769e575399dc49bafb4ccbf5febad) Importer(815301076,1909f56bfc062723c751e8b465ee728b)
Start importing Assets/_Resources/Pandazole_Ultimate_Pack/Pandazole Nature Environment Pack/Models/Grass_21.fbx using Guid(761769e575399dc49bafb4ccbf5febad) Importer(815301076,1909f56bfc062723c751e8b465ee728b) (PreviewImporter) -> (artifact id: 'c8cb9a6f7670e5a17edab7da6ab08b42') in 0.0339121 seconds
Number of updated asset objects reloaded before import = 0Number of asset objects unloaded after import = 9

========================================================================
Received Import Request.
  Time since last request: 0.000040 seconds.
  path: Assets/_Resources/Pandazole_Ultimate_Pack/Pandazole Nature Environment Pack/Models/Grass_24.fbx
  artifactKey: Guid(c6467421feb66c14083e83232f49151d) Importer(815301076,1909f56bfc062723c751e8b465ee728b)
Start importing Assets/_Resources/Pandazole_Ultimate_Pack/Pandazole Nature Environment Pack/Models/Grass_24.fbx using Guid(c6467421feb66c14083e83232f49151d) Importer(815301076,1909f56bfc062723c751e8b465ee728b) (PreviewImporter) -> (artifact id: 'a50a88c88276835f69a14ee1fe4d47b3') in 0.0382449 seconds
Number of updated asset objects reloaded before import = 0Number of asset objects unloaded after import = 9

========================================================================
Received Import Request.
  Time since last request: 0.000028 seconds.
  path: Assets/_Resources/Pandazole_Ultimate_Pack/Pandazole Nature Environment Pack/Models/Grass_18.fbx
  artifactKey: Guid(95de27b3ec725764d9c2cb42c155cbfc) Importer(815301076,1909f56bfc062723c751e8b465ee728b)
Start importing Assets/_Resources/Pandazole_Ultimate_Pack/Pandazole Nature Environment Pack/Models/Grass_18.fbx using Guid(95de27b3ec725764d9c2cb42c155cbfc) Importer(815301076,1909f56bfc062723c751e8b465ee728b) (PreviewImporter) -> (artifact id: '9f72e5ec8c9fc4641403e613d2f73adf') in 0.0266084 seconds
Number of updated asset objects reloaded before import = 0Number of asset objects unloaded after import = 9

========================================================================
Received Import Request.
  Time since last request: 0.000060 seconds.
  path: Assets/_Resources/Pandazole_Ultimate_Pack/Pandazole Nature Environment Pack/Models/Grass_04.fbx
  artifactKey: Guid(098b5c7b40908cb44bc37188353f3e21) Importer(815301076,1909f56bfc062723c751e8b465ee728b)
Start importing Assets/_Resources/Pandazole_Ultimate_Pack/Pandazole Nature Environment Pack/Models/Grass_04.fbx using Guid(098b5c7b40908cb44bc37188353f3e21) Importer(815301076,1909f56bfc062723c751e8b465ee728b) (PreviewImporter) -> (artifact id: '9cebda858ba4c72e34d8e9d92ad6ecde') in 0.0196249 seconds
Number of updated asset objects reloaded before import = 0Number of asset objects unloaded after import = 9

========================================================================
Received Import Request.
  Time since last request: 0.000034 seconds.
  path: Assets/_Resources/Pandazole_Ultimate_Pack/Pandazole Nature Environment Pack/Models/Grass_29.fbx
  artifactKey: Guid(271ff4b9b884b0c45902b225603cb0e2) Importer(815301076,1909f56bfc062723c751e8b465ee728b)
Start importing Assets/_Resources/Pandazole_Ultimate_Pack/Pandazole Nature Environment Pack/Models/Grass_29.fbx using Guid(271ff4b9b884b0c45902b225603cb0e2) Importer(815301076,1909f56bfc062723c751e8b465ee728b) (PreviewImporter) -> (artifact id: '278a319db79cc608962a83a2d75f6283') in 0.0221167 seconds
Number of updated asset objects reloaded before import = 0Number of asset objects unloaded after import = 9

========================================================================
Received Import Request.
  Time since last request: 0.000050 seconds.
  path: Assets/_Resources/Pandazole_Ultimate_Pack/Pandazole Nature Environment Pack/Models/Grass_41.fbx
  artifactKey: Guid(95779b05eaba3f244b59463a39bd730a) Importer(815301076,1909f56bfc062723c751e8b465ee728b)
Start importing Assets/_Resources/Pandazole_Ultimate_Pack/Pandazole Nature Environment Pack/Models/Grass_41.fbx using Guid(95779b05eaba3f244b59463a39bd730a) Importer(815301076,1909f56bfc062723c751e8b465ee728b) (PreviewImporter) -> (artifact id: 'b46586eb832e372495a2480055d9da3c') in 0.0229991 seconds
Number of updated asset objects reloaded before import = 0Number of asset objects unloaded after import = 9

========================================================================
Received Import Request.
  Time since last request: 0.000029 seconds.
  path: Assets/_Resources/Pandazole_Ultimate_Pack/Pandazole Nature Environment Pack/Models/HardRock_18.fbx
  artifactKey: Guid(3d9145166365cd140a768889f4fe3c5d) Importer(815301076,1909f56bfc062723c751e8b465ee728b)
Start importing Assets/_Resources/Pandazole_Ultimate_Pack/Pandazole Nature Environment Pack/Models/HardRock_18.fbx using Guid(3d9145166365cd140a768889f4fe3c5d) Importer(815301076,1909f56bfc062723c751e8b465ee728b) (PreviewImporter) -> (artifact id: '69a0860905e9ba2174013fbd8bd3a7b4') in 0.0207852 seconds
Number of updated asset objects reloaded before import = 0Number of asset objects unloaded after import = 9

========================================================================
Received Import Request.
  Time since last request: 0.000023 seconds.
  path: Assets/_Resources/Pandazole_Ultimate_Pack/Pandazole Nature Environment Pack/Models/HardRock_09.fbx
  artifactKey: Guid(65806886764e86e4a8b1bb558bd21532) Importer(815301076,1909f56bfc062723c751e8b465ee728b)
Start importing Assets/_Resources/Pandazole_Ultimate_Pack/Pandazole Nature Environment Pack/Models/HardRock_09.fbx using Guid(65806886764e86e4a8b1bb558bd21532) Importer(815301076,1909f56bfc062723c751e8b465ee728b) (PreviewImporter) -> (artifact id: '511bc5421c84695895171b0fbca07308') in 0.0208693 seconds
Number of updated asset objects reloaded before import = 0Number of asset objects unloaded after import = 9

========================================================================
Received Import Request.
  Time since last request: 0.000034 seconds.
  path: Assets/_Resources/Pandazole_Ultimate_Pack/Pandazole Nature Environment Pack/Models/HardRock_15.fbx
  artifactKey: Guid(9bf91ae7843afae4dbbe81659d045e54) Importer(815301076,1909f56bfc062723c751e8b465ee728b)
Start importing Assets/_Resources/Pandazole_Ultimate_Pack/Pandazole Nature Environment Pack/Models/HardRock_15.fbx using Guid(9bf91ae7843afae4dbbe81659d045e54) Importer(815301076,1909f56bfc062723c751e8b465ee728b) (PreviewImporter) -> (artifact id: '158ba674ce68549cb9c896216a3e2e4a') in 0.0218301 seconds
Number of updated asset objects reloaded before import = 0Number of asset objects unloaded after import = 9

========================================================================
Received Import Request.
  Time since last request: 0.000050 seconds.
  path: Assets/_Resources/Pandazole_Ultimate_Pack/Pandazole Nature Environment Pack/Models/Grass_32.fbx
  artifactKey: Guid(d70cef8e1337c28479863731f85e9b5c) Importer(815301076,1909f56bfc062723c751e8b465ee728b)
Start importing Assets/_Resources/Pandazole_Ultimate_Pack/Pandazole Nature Environment Pack/Models/Grass_32.fbx using Guid(d70cef8e1337c28479863731f85e9b5c) Importer(815301076,1909f56bfc062723c751e8b465ee728b) (PreviewImporter) -> (artifact id: '3600d990392efc26fdebba1c82c2943b') in 0.0235129 seconds
Number of updated asset objects reloaded before import = 0Number of asset objects unloaded after import = 9

========================================================================
Received Import Request.
  Time since last request: 0.000029 seconds.
  path: Assets/_Resources/Pandazole_Ultimate_Pack/Pandazole Nature Environment Pack/Models/Grass_36.fbx
  artifactKey: Guid(cc93ea625534c324091c8bfcf9054e0d) Importer(815301076,1909f56bfc062723c751e8b465ee728b)
Start importing Assets/_Resources/Pandazole_Ultimate_Pack/Pandazole Nature Environment Pack/Models/Grass_36.fbx using Guid(cc93ea625534c324091c8bfcf9054e0d) Importer(815301076,1909f56bfc062723c751e8b465ee728b) (PreviewImporter) -> (artifact id: 'ce16e4709e4fe4502ad42152f34b58f1') in 0.0234302 seconds
Number of updated asset objects reloaded before import = 0Number of asset objects unloaded after import = 9

========================================================================
Received Import Request.
  Time since last request: 0.000023 seconds.
  path: Assets/_Resources/Pandazole_Ultimate_Pack/Pandazole Nature Environment Pack/Models/Grass_20.fbx
  artifactKey: Guid(7e52ae6c928a7b24987e43f30401d5b6) Importer(815301076,1909f56bfc062723c751e8b465ee728b)
Start importing Assets/_Resources/Pandazole_Ultimate_Pack/Pandazole Nature Environment Pack/Models/Grass_20.fbx using Guid(7e52ae6c928a7b24987e43f30401d5b6) Importer(815301076,1909f56bfc062723c751e8b465ee728b) (PreviewImporter) -> (artifact id: 'f5b0c508c5f9d71838ea9dd5478223da') in 0.0249883 seconds
Number of updated asset objects reloaded before import = 0Number of asset objects unloaded after import = 9

========================================================================
Received Import Request.
  Time since last request: 0.000030 seconds.
  path: Assets/_Resources/Pandazole_Ultimate_Pack/Pandazole Nature Environment Pack/Models/HardRock_02.fbx
  artifactKey: Guid(a5994e5636fc64c4eba671e6b3b43f04) Importer(815301076,1909f56bfc062723c751e8b465ee728b)
Start importing Assets/_Resources/Pandazole_Ultimate_Pack/Pandazole Nature Environment Pack/Models/HardRock_02.fbx using Guid(a5994e5636fc64c4eba671e6b3b43f04) Importer(815301076,1909f56bfc062723c751e8b465ee728b) (PreviewImporter) -> (artifact id: '16f43f9152bb1833652b070c0c27439c') in 0.0235068 seconds
Number of updated asset objects reloaded before import = 0Number of asset objects unloaded after import = 9

========================================================================
Received Import Request.
  Time since last request: 0.000037 seconds.
  path: Assets/_Resources/Pandazole_Ultimate_Pack/Pandazole Nature Environment Pack/Models/HardRock_07.fbx
  artifactKey: Guid(72c916226a5b42b4a92b5b11e2aeb6f8) Importer(815301076,1909f56bfc062723c751e8b465ee728b)
Start importing Assets/_Resources/Pandazole_Ultimate_Pack/Pandazole Nature Environment Pack/Models/HardRock_07.fbx using Guid(72c916226a5b42b4a92b5b11e2aeb6f8) Importer(815301076,1909f56bfc062723c751e8b465ee728b) (PreviewImporter) -> (artifact id: 'ce239f5f71bd1fb18c5c6671d7617ca8') in 0.0254638 seconds
Number of updated asset objects reloaded before import = 0Number of asset objects unloaded after import = 9

========================================================================
Received Import Request.
  Time since last request: 2.075369 seconds.
  path: Assets/_Resources/Pandazole_Ultimate_Pack/Pandazole Nature Environment Pack/Models/HardRock_20.fbx
  artifactKey: Guid(64446c83093f5f8498c52937b8daaf4c) Importer(815301076,1909f56bfc062723c751e8b465ee728b)
Start importing Assets/_Resources/Pandazole_Ultimate_Pack/Pandazole Nature Environment Pack/Models/HardRock_20.fbx using Guid(64446c83093f5f8498c52937b8daaf4c) Importer(815301076,1909f56bfc062723c751e8b465ee728b) (PreviewImporter) -> (artifact id: 'f835b129c53f50df2d241cb7d02771a7') in 0.0415669 seconds
Number of updated asset objects reloaded before import = 0Number of asset objects unloaded after import = 9

========================================================================
Received Import Request.
  Time since last request: 0.000026 seconds.
  path: Assets/_Resources/Pandazole_Ultimate_Pack/Pandazole Nature Environment Pack/Models/HardRock_28.fbx
  artifactKey: Guid(ee8a4e3b3caf05b47ba5c7d0e33faa4e) Importer(815301076,1909f56bfc062723c751e8b465ee728b)
Start importing Assets/_Resources/Pandazole_Ultimate_Pack/Pandazole Nature Environment Pack/Models/HardRock_28.fbx using Guid(ee8a4e3b3caf05b47ba5c7d0e33faa4e) Importer(815301076,1909f56bfc062723c751e8b465ee728b) (PreviewImporter) -> (artifact id: '7c6d76bc06c7d415ba5ac02f01590145') in 0.0482142 seconds
Number of updated asset objects reloaded before import = 0Number of asset objects unloaded after import = 9

========================================================================
Received Import Request.
  Time since last request: 0.000036 seconds.
  path: Assets/_Resources/Pandazole_Ultimate_Pack/Pandazole Nature Environment Pack/Models/HardRock_31.fbx
  artifactKey: Guid(ec86bea1b6965e94fbfb26ab252edf10) Importer(815301076,1909f56bfc062723c751e8b465ee728b)
Start importing Assets/_Resources/Pandazole_Ultimate_Pack/Pandazole Nature Environment Pack/Models/HardRock_31.fbx using Guid(ec86bea1b6965e94fbfb26ab252edf10) Importer(815301076,1909f56bfc062723c751e8b465ee728b) (PreviewImporter) -> (artifact id: 'a74633b9caaaa237d5bf9901edcc3a30') in 0.0478847 seconds
Number of updated asset objects reloaded before import = 0Number of asset objects unloaded after import = 9

========================================================================
Received Import Request.
  Time since last request: 0.000021 seconds.
  path: Assets/_Resources/Pandazole_Ultimate_Pack/Pandazole Nature Environment Pack/Models/HardRock_24.fbx
  artifactKey: Guid(9c22db59706567740bd85ccd2101955e) Importer(815301076,1909f56bfc062723c751e8b465ee728b)
Start importing Assets/_Resources/Pandazole_Ultimate_Pack/Pandazole Nature Environment Pack/Models/HardRock_24.fbx using Guid(9c22db59706567740bd85ccd2101955e) Importer(815301076,1909f56bfc062723c751e8b465ee728b) (PreviewImporter) -> (artifact id: '082e9628a9a4ec876c814e1a13db4d78') in 0.0302411 seconds
Number of updated asset objects reloaded before import = 0Number of asset objects unloaded after import = 9

========================================================================
Received Import Request.
  Time since last request: 0.482727 seconds.
  path: Assets/_Resources/Pandazole_Ultimate_Pack/Pandazole Nature Environment Pack/Models/HardRock_36.fbx
  artifactKey: Guid(4895431a9a4c2e442805b095b20c648c) Importer(815301076,1909f56bfc062723c751e8b465ee728b)
Start importing Assets/_Resources/Pandazole_Ultimate_Pack/Pandazole Nature Environment Pack/Models/HardRock_36.fbx using Guid(4895431a9a4c2e442805b095b20c648c) Importer(815301076,1909f56bfc062723c751e8b465ee728b) (PreviewImporter) -> (artifact id: '9ffa7e6ab53cd5a0f987e30124b89ed9') in 0.0389387 seconds
Number of updated asset objects reloaded before import = 0Number of asset objects unloaded after import = 9

========================================================================
Received Import Request.
  Time since last request: 0.000027 seconds.
  path: Assets/_Resources/Pandazole_Ultimate_Pack/Pandazole Nature Environment Pack/Models/HardRock_45.fbx
  artifactKey: Guid(39fac98b8cfe3df48adeefb51399396a) Importer(815301076,1909f56bfc062723c751e8b465ee728b)
Start importing Assets/_Resources/Pandazole_Ultimate_Pack/Pandazole Nature Environment Pack/Models/HardRock_45.fbx using Guid(39fac98b8cfe3df48adeefb51399396a) Importer(815301076,1909f56bfc062723c751e8b465ee728b) (PreviewImporter) -> (artifact id: '8c541e20198a84e18041c64c8192eb16') in 0.0381836 seconds
Number of updated asset objects reloaded before import = 0Number of asset objects unloaded after import = 9

========================================================================
Received Import Request.
  Time since last request: 0.000042 seconds.
  path: Assets/_Resources/Pandazole_Ultimate_Pack/Pandazole Nature Environment Pack/Models/HardRock_56.fbx
  artifactKey: Guid(45c74c48e7997ab4e81fd0285874afb2) Importer(815301076,1909f56bfc062723c751e8b465ee728b)
Start importing Assets/_Resources/Pandazole_Ultimate_Pack/Pandazole Nature Environment Pack/Models/HardRock_56.fbx using Guid(45c74c48e7997ab4e81fd0285874afb2) Importer(815301076,1909f56bfc062723c751e8b465ee728b) (PreviewImporter) -> (artifact id: 'a50c6984aec2668496f7e7da16849003') in 0.0250405 seconds
Number of updated asset objects reloaded before import = 0Number of asset objects unloaded after import = 9

========================================================================
Received Import Request.
  Time since last request: 0.000034 seconds.
  path: Assets/_Resources/Pandazole_Ultimate_Pack/Pandazole Nature Environment Pack/Models/Jem_01.fbx
  artifactKey: Guid(3ff5e52a00a9c4a4d8137e5ecd097911) Importer(815301076,1909f56bfc062723c751e8b465ee728b)
Start importing Assets/_Resources/Pandazole_Ultimate_Pack/Pandazole Nature Environment Pack/Models/Jem_01.fbx using Guid(3ff5e52a00a9c4a4d8137e5ecd097911) Importer(815301076,1909f56bfc062723c751e8b465ee728b) (PreviewImporter) -> (artifact id: 'da8cfaae5ce9945e29b598ed113f5250') in 0.0227403 seconds
Number of updated asset objects reloaded before import = 0Number of asset objects unloaded after import = 9

========================================================================
Received Import Request.
  Time since last request: 0.000027 seconds.
  path: Assets/_Resources/Pandazole_Ultimate_Pack/Pandazole Nature Environment Pack/Models/HardRock_46.fbx
  artifactKey: Guid(3a6263825dc4530469a6e4aed9053669) Importer(815301076,1909f56bfc062723c751e8b465ee728b)
Start importing Assets/_Resources/Pandazole_Ultimate_Pack/Pandazole Nature Environment Pack/Models/HardRock_46.fbx using Guid(3a6263825dc4530469a6e4aed9053669) Importer(815301076,1909f56bfc062723c751e8b465ee728b) (PreviewImporter) -> (artifact id: '166fb2699f493ee78f212cfa9e654dc9') in 0.0248458 seconds
Number of updated asset objects reloaded before import = 0Number of asset objects unloaded after import = 9

========================================================================
Received Import Request.
  Time since last request: 0.000025 seconds.
  path: Assets/_Resources/Pandazole_Ultimate_Pack/Pandazole Nature Environment Pack/Models/HardRock_60.fbx
  artifactKey: Guid(966bf209e271c9747ac7176ef3242c06) Importer(815301076,1909f56bfc062723c751e8b465ee728b)
Start importing Assets/_Resources/Pandazole_Ultimate_Pack/Pandazole Nature Environment Pack/Models/HardRock_60.fbx using Guid(966bf209e271c9747ac7176ef3242c06) Importer(815301076,1909f56bfc062723c751e8b465ee728b) (PreviewImporter) -> (artifact id: '95d54e065352213e67d325b80dd7acde') in 0.0232069 seconds
Number of updated asset objects reloaded before import = 0Number of asset objects unloaded after import = 9

========================================================================
Received Import Request.
  Time since last request: 0.000038 seconds.
  path: Assets/_Resources/Pandazole_Ultimate_Pack/Pandazole Nature Environment Pack/Models/Jem_04.fbx
  artifactKey: Guid(4befb1ec556540d49801247afdb85308) Importer(815301076,1909f56bfc062723c751e8b465ee728b)
Start importing Assets/_Resources/Pandazole_Ultimate_Pack/Pandazole Nature Environment Pack/Models/Jem_04.fbx using Guid(4befb1ec556540d49801247afdb85308) Importer(815301076,1909f56bfc062723c751e8b465ee728b) (PreviewImporter) -> (artifact id: 'f9e8732c49661d7a66680c81a870516f') in 0.0249237 seconds
Number of updated asset objects reloaded before import = 0Number of asset objects unloaded after import = 9

========================================================================
Received Import Request.
  Time since last request: 0.000031 seconds.
  path: Assets/_Resources/Pandazole_Ultimate_Pack/Pandazole Nature Environment Pack/Models/HardRock_53.fbx
  artifactKey: Guid(fe4f34f31d62d2346aa4d37244378971) Importer(815301076,1909f56bfc062723c751e8b465ee728b)
Start importing Assets/_Resources/Pandazole_Ultimate_Pack/Pandazole Nature Environment Pack/Models/HardRock_53.fbx using Guid(fe4f34f31d62d2346aa4d37244378971) Importer(815301076,1909f56bfc062723c751e8b465ee728b) (PreviewImporter) -> (artifact id: '5dc99943626ed23e014790e5a7634f63') in 0.0244834 seconds
Number of updated asset objects reloaded before import = 0Number of asset objects unloaded after import = 9

========================================================================
Received Import Request.
  Time since last request: 0.000028 seconds.
  path: Assets/_Resources/Pandazole_Ultimate_Pack/Pandazole Nature Environment Pack/Models/Jem_22.fbx
  artifactKey: Guid(96dfe2bd3a9d10944a435b6121b939ff) Importer(815301076,1909f56bfc062723c751e8b465ee728b)
Start importing Assets/_Resources/Pandazole_Ultimate_Pack/Pandazole Nature Environment Pack/Models/Jem_22.fbx using Guid(96dfe2bd3a9d10944a435b6121b939ff) Importer(815301076,1909f56bfc062723c751e8b465ee728b) (PreviewImporter) -> (artifact id: 'b0c6478eec48217e576507daea19314a') in 0.0228639 seconds
Number of updated asset objects reloaded before import = 0Number of asset objects unloaded after import = 9

========================================================================
Received Import Request.
  Time since last request: 0.000027 seconds.
  path: Assets/_Resources/Pandazole_Ultimate_Pack/Pandazole Nature Environment Pack/Models/HardRock_50.fbx
  artifactKey: Guid(1b64274fd56b6844d8dac86e750f9c14) Importer(815301076,1909f56bfc062723c751e8b465ee728b)
Start importing Assets/_Resources/Pandazole_Ultimate_Pack/Pandazole Nature Environment Pack/Models/HardRock_50.fbx using Guid(1b64274fd56b6844d8dac86e750f9c14) Importer(815301076,1909f56bfc062723c751e8b465ee728b) (PreviewImporter) -> (artifact id: '1f0a1d357db2568dc47c5cfd6df313c1') in 0.0264999 seconds
Number of updated asset objects reloaded before import = 0Number of asset objects unloaded after import = 9

========================================================================
Received Import Request.
  Time since last request: 0.000029 seconds.
  path: Assets/_Resources/Pandazole_Ultimate_Pack/Pandazole Nature Environment Pack/Models/Jem_10.fbx
  artifactKey: Guid(ca66d27a12fb2894bab9ed263a9c7b62) Importer(815301076,1909f56bfc062723c751e8b465ee728b)
Start importing Assets/_Resources/Pandazole_Ultimate_Pack/Pandazole Nature Environment Pack/Models/Jem_10.fbx using Guid(ca66d27a12fb2894bab9ed263a9c7b62) Importer(815301076,1909f56bfc062723c751e8b465ee728b) (PreviewImporter) -> (artifact id: 'aeaafd611d36e2bb8e3193cd9f3310ed') in 0.0258151 seconds
Number of updated asset objects reloaded before import = 0Number of asset objects unloaded after import = 9

========================================================================
Received Import Request.
  Time since last request: 0.000032 seconds.
  path: Assets/_Resources/Pandazole_Ultimate_Pack/Pandazole Nature Environment Pack/Models/HardRock_42.fbx
  artifactKey: Guid(0e28769c77676ed42819e757de98d024) Importer(815301076,1909f56bfc062723c751e8b465ee728b)
Start importing Assets/_Resources/Pandazole_Ultimate_Pack/Pandazole Nature Environment Pack/Models/HardRock_42.fbx using Guid(0e28769c77676ed42819e757de98d024) Importer(815301076,1909f56bfc062723c751e8b465ee728b) (PreviewImporter) -> (artifact id: '6cc2728ae4ae6ae91743aa371d6821fe') in 0.0266443 seconds
Number of updated asset objects reloaded before import = 0Number of asset objects unloaded after import = 9

========================================================================
Received Import Request.
  Time since last request: 0.175318 seconds.
  path: Assets/_Resources/Pandazole_Ultimate_Pack/Pandazole Nature Environment Pack/Models/Jem_24.fbx
  artifactKey: Guid(002c3ace8edb88e49a479cadc2839d3c) Importer(815301076,1909f56bfc062723c751e8b465ee728b)
Start importing Assets/_Resources/Pandazole_Ultimate_Pack/Pandazole Nature Environment Pack/Models/Jem_24.fbx using Guid(002c3ace8edb88e49a479cadc2839d3c) Importer(815301076,1909f56bfc062723c751e8b465ee728b) (PreviewImporter) -> (artifact id: '432c98b6627bc029da9f768b23f86b97') in 0.0291948 seconds
Number of updated asset objects reloaded before import = 0Number of asset objects unloaded after import = 9

========================================================================
Received Import Request.
  Time since last request: 0.000023 seconds.
  path: Assets/_Resources/Pandazole_Ultimate_Pack/Pandazole Nature Environment Pack/Models/Jem_40.fbx
  artifactKey: Guid(8dacce4d7e25f7b4d9bd1ef9b70880f8) Importer(815301076,1909f56bfc062723c751e8b465ee728b)
Start importing Assets/_Resources/Pandazole_Ultimate_Pack/Pandazole Nature Environment Pack/Models/Jem_40.fbx using Guid(8dacce4d7e25f7b4d9bd1ef9b70880f8) Importer(815301076,1909f56bfc062723c751e8b465ee728b) (PreviewImporter) -> (artifact id: 'eb44a599095dfd3b3dec22d076604dda') in 0.0238904 seconds
Number of updated asset objects reloaded before import = 0Number of asset objects unloaded after import = 9

========================================================================
Received Import Request.
  Time since last request: 0.000025 seconds.
  path: Assets/_Resources/Pandazole_Ultimate_Pack/Pandazole Nature Environment Pack/Models/Jem_43.fbx
  artifactKey: Guid(8f555d6a1178536479d9022b8035bd1c) Importer(815301076,1909f56bfc062723c751e8b465ee728b)
Start importing Assets/_Resources/Pandazole_Ultimate_Pack/Pandazole Nature Environment Pack/Models/Jem_43.fbx using Guid(8f555d6a1178536479d9022b8035bd1c) Importer(815301076,1909f56bfc062723c751e8b465ee728b) (PreviewImporter) -> (artifact id: '9232692ed2f1c698e4895f8f059d5753') in 0.0236592 seconds
Number of updated asset objects reloaded before import = 0Number of asset objects unloaded after import = 9

========================================================================
Received Import Request.
  Time since last request: 0.000028 seconds.
  path: Assets/_Resources/Pandazole_Ultimate_Pack/Pandazole Nature Environment Pack/Models/Mashroom_08.fbx
  artifactKey: Guid(0d8298f36064c504d8588a6c15bc0819) Importer(815301076,1909f56bfc062723c751e8b465ee728b)
Start importing Assets/_Resources/Pandazole_Ultimate_Pack/Pandazole Nature Environment Pack/Models/Mashroom_08.fbx using Guid(0d8298f36064c504d8588a6c15bc0819) Importer(815301076,1909f56bfc062723c751e8b465ee728b) (PreviewImporter) -> (artifact id: '0d36cc32f7c1cad760c059f837676da1') in 0.0250841 seconds
Number of updated asset objects reloaded before import = 0Number of asset objects unloaded after import = 9

========================================================================
Received Import Request.
  Time since last request: 0.000029 seconds.
  path: Assets/_Resources/Pandazole_Ultimate_Pack/Pandazole Nature Environment Pack/Models/Log_05.fbx
  artifactKey: Guid(e07966e44a0d5434e9df0ee39d3f7afb) Importer(815301076,1909f56bfc062723c751e8b465ee728b)
Start importing Assets/_Resources/Pandazole_Ultimate_Pack/Pandazole Nature Environment Pack/Models/Log_05.fbx using Guid(e07966e44a0d5434e9df0ee39d3f7afb) Importer(815301076,1909f56bfc062723c751e8b465ee728b) (PreviewImporter) -> (artifact id: '5ec3f2a1989779d8dca77b6fec95a851') in 0.0261803 seconds
Number of updated asset objects reloaded before import = 0Number of asset objects unloaded after import = 9

========================================================================
Received Import Request.
  Time since last request: 0.000023 seconds.
  path: Assets/_Resources/Pandazole_Ultimate_Pack/Pandazole Nature Environment Pack/Models/Jem_38.fbx
  artifactKey: Guid(ecc9293a3a97ea74e9dc38ef8dc7e791) Importer(815301076,1909f56bfc062723c751e8b465ee728b)
Start importing Assets/_Resources/Pandazole_Ultimate_Pack/Pandazole Nature Environment Pack/Models/Jem_38.fbx using Guid(ecc9293a3a97ea74e9dc38ef8dc7e791) Importer(815301076,1909f56bfc062723c751e8b465ee728b) (PreviewImporter) -> (artifact id: 'b372a40bbd89a5e2917d3f6695733adc') in 0.0224469 seconds
Number of updated asset objects reloaded before import = 0Number of asset objects unloaded after import = 9

========================================================================
Received Import Request.
  Time since last request: 0.000035 seconds.
  path: Assets/_Resources/Pandazole_Ultimate_Pack/Pandazole Nature Environment Pack/Models/Log_04.fbx
  artifactKey: Guid(4f50ccdd2e65bcd4ca43988a6d7cb4ae) Importer(815301076,1909f56bfc062723c751e8b465ee728b)
Start importing Assets/_Resources/Pandazole_Ultimate_Pack/Pandazole Nature Environment Pack/Models/Log_04.fbx using Guid(4f50ccdd2e65bcd4ca43988a6d7cb4ae) Importer(815301076,1909f56bfc062723c751e8b465ee728b) (PreviewImporter) -> (artifact id: 'aa38792fd9e3261da0abdb94e1fe09c2') in 0.0231163 seconds
Number of updated asset objects reloaded before import = 0Number of asset objects unloaded after import = 9

========================================================================
Received Import Request.
  Time since last request: 0.000037 seconds.
  path: Assets/_Resources/Pandazole_Ultimate_Pack/Pandazole Nature Environment Pack/Models/Mashroom_03.fbx
  artifactKey: Guid(b62f15cccb57341408df80c7c79ad5cc) Importer(815301076,1909f56bfc062723c751e8b465ee728b)
Start importing Assets/_Resources/Pandazole_Ultimate_Pack/Pandazole Nature Environment Pack/Models/Mashroom_03.fbx using Guid(b62f15cccb57341408df80c7c79ad5cc) Importer(815301076,1909f56bfc062723c751e8b465ee728b) (PreviewImporter) -> (artifact id: '365f3a1e26a0ea0a956d1a127fbb0f07') in 0.0289936 seconds
Number of updated asset objects reloaded before import = 0Number of asset objects unloaded after import = 9

========================================================================
Received Import Request.
  Time since last request: 0.000024 seconds.
  path: Assets/_Resources/Pandazole_Ultimate_Pack/Pandazole Nature Environment Pack/Models/Mashroom_02.fbx
  artifactKey: Guid(5422c76d372c19c44b13cbd755545afe) Importer(815301076,1909f56bfc062723c751e8b465ee728b)
Start importing Assets/_Resources/Pandazole_Ultimate_Pack/Pandazole Nature Environment Pack/Models/Mashroom_02.fbx using Guid(5422c76d372c19c44b13cbd755545afe) Importer(815301076,1909f56bfc062723c751e8b465ee728b) (PreviewImporter) -> (artifact id: '7fe243333e4c86caa65549f05e28ec58') in 0.0334983 seconds
Number of updated asset objects reloaded before import = 0Number of asset objects unloaded after import = 9

========================================================================
Received Import Request.
  Time since last request: 0.000187 seconds.
  path: Assets/_Resources/Pandazole_Ultimate_Pack/Pandazole Nature Environment Pack/Models/Log_02.fbx
  artifactKey: Guid(346bbb8c854c8a840b0be8b71b95370e) Importer(815301076,1909f56bfc062723c751e8b465ee728b)
Start importing Assets/_Resources/Pandazole_Ultimate_Pack/Pandazole Nature Environment Pack/Models/Log_02.fbx using Guid(346bbb8c854c8a840b0be8b71b95370e) Importer(815301076,1909f56bfc062723c751e8b465ee728b) (PreviewImporter) -> (artifact id: 'cd6326e2ae824b69ed7db9275482f0d2') in 0.0345408 seconds
Number of updated asset objects reloaded before import = 0Number of asset objects unloaded after import = 9

========================================================================
Received Import Request.
  Time since last request: 0.000032 seconds.
  path: Assets/_Resources/Pandazole_Ultimate_Pack/Pandazole Nature Environment Pack/Models/Mashroom_15.fbx
  artifactKey: Guid(668416aacc5881147b9d7ebc2ee14d8c) Importer(815301076,1909f56bfc062723c751e8b465ee728b)
Start importing Assets/_Resources/Pandazole_Ultimate_Pack/Pandazole Nature Environment Pack/Models/Mashroom_15.fbx using Guid(668416aacc5881147b9d7ebc2ee14d8c) Importer(815301076,1909f56bfc062723c751e8b465ee728b) (PreviewImporter) -> (artifact id: 'c332593abbda57f3d5b0522a2c751ada') in 0.0271258 seconds
Number of updated asset objects reloaded before import = 0Number of asset objects unloaded after import = 9

========================================================================
Received Import Request.
  Time since last request: 0.000039 seconds.
  path: Assets/_Resources/Pandazole_Ultimate_Pack/Pandazole Nature Environment Pack/Models/Mashroom_09.fbx
  artifactKey: Guid(ce6dec7ef6de3ef40970f3b1edb2fdad) Importer(815301076,1909f56bfc062723c751e8b465ee728b)
Start importing Assets/_Resources/Pandazole_Ultimate_Pack/Pandazole Nature Environment Pack/Models/Mashroom_09.fbx using Guid(ce6dec7ef6de3ef40970f3b1edb2fdad) Importer(815301076,1909f56bfc062723c751e8b465ee728b) (PreviewImporter) -> (artifact id: '996a0236a74c1e24ea5612e9baf99398') in 0.0245188 seconds
Number of updated asset objects reloaded before import = 0Number of asset objects unloaded after import = 9

========================================================================
Received Import Request.
  Time since last request: 0.593600 seconds.
  path: Assets/_Resources/Pandazole_Ultimate_Pack/Pandazole Nature Environment Pack/Models/Mashroom_17.fbx
  artifactKey: Guid(fa958879ffcb9dd4fb59dc09444bc599) Importer(815301076,1909f56bfc062723c751e8b465ee728b)
Start importing Assets/_Resources/Pandazole_Ultimate_Pack/Pandazole Nature Environment Pack/Models/Mashroom_17.fbx using Guid(fa958879ffcb9dd4fb59dc09444bc599) Importer(815301076,1909f56bfc062723c751e8b465ee728b) (PreviewImporter) -> (artifact id: 'ef1b0fb3f1537134ec5da3292137d1a1') in 0.0270834 seconds
Number of updated asset objects reloaded before import = 0Number of asset objects unloaded after import = 9

========================================================================
Received Import Request.
  Time since last request: 0.000032 seconds.
  path: Assets/_Resources/Pandazole_Ultimate_Pack/Pandazole Nature Environment Pack/Models/MineralNode_02_A.fbx
  artifactKey: Guid(4b44b69f6515d5246838739a37b438a6) Importer(815301076,1909f56bfc062723c751e8b465ee728b)
Start importing Assets/_Resources/Pandazole_Ultimate_Pack/Pandazole Nature Environment Pack/Models/MineralNode_02_A.fbx using Guid(4b44b69f6515d5246838739a37b438a6) Importer(815301076,1909f56bfc062723c751e8b465ee728b) (PreviewImporter) -> (artifact id: '13c640ac9d0957a52b281f305c4bc857') in 0.0227635 seconds
Number of updated asset objects reloaded before import = 0Number of asset objects unloaded after import = 9

========================================================================
Received Import Request.
  Time since last request: 0.000024 seconds.
  path: Assets/_Resources/Pandazole_Ultimate_Pack/Pandazole Nature Environment Pack/Models/MineralNode_06_A.fbx
  artifactKey: Guid(e158506f8870b5842a31dba013a461f2) Importer(815301076,1909f56bfc062723c751e8b465ee728b)
Start importing Assets/_Resources/Pandazole_Ultimate_Pack/Pandazole Nature Environment Pack/Models/MineralNode_06_A.fbx using Guid(e158506f8870b5842a31dba013a461f2) Importer(815301076,1909f56bfc062723c751e8b465ee728b) (PreviewImporter) -> (artifact id: '7c5c553ad6c109066d0257d76191b6f7') in 0.025398 seconds
Number of updated asset objects reloaded before import = 0Number of asset objects unloaded after import = 9

========================================================================
Received Import Request.
  Time since last request: 0.000029 seconds.
  path: Assets/_Resources/Pandazole_Ultimate_Pack/Pandazole Nature Environment Pack/Models/MineralNode_03_A.fbx
  artifactKey: Guid(57c5651497b2b3d4791439d2ed38ae70) Importer(815301076,1909f56bfc062723c751e8b465ee728b)
Start importing Assets/_Resources/Pandazole_Ultimate_Pack/Pandazole Nature Environment Pack/Models/MineralNode_03_A.fbx using Guid(57c5651497b2b3d4791439d2ed38ae70) Importer(815301076,1909f56bfc062723c751e8b465ee728b) (PreviewImporter) -> (artifact id: 'd5879b27279c031be072baba197ef12a') in 0.025783 seconds
Number of updated asset objects reloaded before import = 0Number of asset objects unloaded after import = 9

========================================================================
Received Import Request.
  Time since last request: 0.000025 seconds.
  path: Assets/_Resources/Pandazole_Ultimate_Pack/Pandazole Nature Environment Pack/Models/Mashroom_24.fbx
  artifactKey: Guid(afcd91bc8135ae44088c09efa36a8d6e) Importer(815301076,1909f56bfc062723c751e8b465ee728b)
Start importing Assets/_Resources/Pandazole_Ultimate_Pack/Pandazole Nature Environment Pack/Models/Mashroom_24.fbx using Guid(afcd91bc8135ae44088c09efa36a8d6e) Importer(815301076,1909f56bfc062723c751e8b465ee728b) (PreviewImporter) -> (artifact id: '6b05ee55612beb0ebeb6fbd1764c1f44') in 0.0267619 seconds
Number of updated asset objects reloaded before import = 0Number of asset objects unloaded after import = 9

========================================================================
Received Import Request.
  Time since last request: 0.000024 seconds.
  path: Assets/_Resources/Pandazole_Ultimate_Pack/Pandazole Nature Environment Pack/Models/MineralNode_10_C.fbx
  artifactKey: Guid(61c1f6c1c535ee14cb800f1998dea910) Importer(815301076,1909f56bfc062723c751e8b465ee728b)
Start importing Assets/_Resources/Pandazole_Ultimate_Pack/Pandazole Nature Environment Pack/Models/MineralNode_10_C.fbx using Guid(61c1f6c1c535ee14cb800f1998dea910) Importer(815301076,1909f56bfc062723c751e8b465ee728b) (PreviewImporter) -> (artifact id: 'aaf551e21c96124d291716aa096c1d0f') in 0.0262932 seconds
Number of updated asset objects reloaded before import = 0Number of asset objects unloaded after import = 9

========================================================================
Received Import Request.
  Time since last request: 0.000028 seconds.
  path: Assets/_Resources/Pandazole_Ultimate_Pack/Pandazole Nature Environment Pack/Models/MineralNode_10_B.fbx
  artifactKey: Guid(7c27ded2ecb642349804813d3f2fba4a) Importer(815301076,1909f56bfc062723c751e8b465ee728b)
Start importing Assets/_Resources/Pandazole_Ultimate_Pack/Pandazole Nature Environment Pack/Models/MineralNode_10_B.fbx using Guid(7c27ded2ecb642349804813d3f2fba4a) Importer(815301076,1909f56bfc062723c751e8b465ee728b) (PreviewImporter) -> (artifact id: 'ee4bb175caf2320cf41fc09d9d34a0bd') in 0.0391425 seconds
Number of updated asset objects reloaded before import = 0Number of asset objects unloaded after import = 9

========================================================================
Received Import Request.
  Time since last request: 0.000040 seconds.
  path: Assets/_Resources/Pandazole_Ultimate_Pack/Pandazole Nature Environment Pack/Models/MineralNode_08_A.fbx
  artifactKey: Guid(6375d04a00fac8b4ea100f93ee035a8d) Importer(815301076,1909f56bfc062723c751e8b465ee728b)
Start importing Assets/_Resources/Pandazole_Ultimate_Pack/Pandazole Nature Environment Pack/Models/MineralNode_08_A.fbx using Guid(6375d04a00fac8b4ea100f93ee035a8d) Importer(815301076,1909f56bfc062723c751e8b465ee728b) (PreviewImporter) -> (artifact id: '070a2d9842ec9a906e4b3d072a762621') in 0.0301289 seconds
Number of updated asset objects reloaded before import = 0Number of asset objects unloaded after import = 9

========================================================================
Received Import Request.
  Time since last request: 0.000025 seconds.
  path: Assets/_Resources/Pandazole_Ultimate_Pack/Pandazole Nature Environment Pack/Models/MineralNode_10_A.fbx
  artifactKey: Guid(6a2688b2b4e3b8943a8855d50207e2d0) Importer(815301076,1909f56bfc062723c751e8b465ee728b)
Start importing Assets/_Resources/Pandazole_Ultimate_Pack/Pandazole Nature Environment Pack/Models/MineralNode_10_A.fbx using Guid(6a2688b2b4e3b8943a8855d50207e2d0) Importer(815301076,1909f56bfc062723c751e8b465ee728b) (PreviewImporter) -> (artifact id: 'b2e9ca244b7c689b11cc369d63e9d009') in 0.0278009 seconds
Number of updated asset objects reloaded before import = 0Number of asset objects unloaded after import = 9

========================================================================
Received Import Request.
  Time since last request: 0.000054 seconds.
  path: Assets/_Resources/Pandazole_Ultimate_Pack/Pandazole Nature Environment Pack/Models/MineralNode_12_C.fbx
  artifactKey: Guid(9394b2ac50fdce6469cbcef68687154f) Importer(815301076,1909f56bfc062723c751e8b465ee728b)
Start importing Assets/_Resources/Pandazole_Ultimate_Pack/Pandazole Nature Environment Pack/Models/MineralNode_12_C.fbx using Guid(9394b2ac50fdce6469cbcef68687154f) Importer(815301076,1909f56bfc062723c751e8b465ee728b) (PreviewImporter) -> (artifact id: '2c06562e015ccddb399dfb7636de71ec') in 0.0309229 seconds
Number of updated asset objects reloaded before import = 0Number of asset objects unloaded after import = 9

========================================================================
Received Import Request.
  Time since last request: 0.000068 seconds.
  path: Assets/_Resources/Pandazole_Ultimate_Pack/Pandazole Nature Environment Pack/Models/MineralNode_03_B.fbx
  artifactKey: Guid(2e261fa7643e8d74c977efa3f6805376) Importer(815301076,1909f56bfc062723c751e8b465ee728b)
Start importing Assets/_Resources/Pandazole_Ultimate_Pack/Pandazole Nature Environment Pack/Models/MineralNode_03_B.fbx using Guid(2e261fa7643e8d74c977efa3f6805376) Importer(815301076,1909f56bfc062723c751e8b465ee728b) (PreviewImporter) -> (artifact id: '3ff7e137d48fef226d9bea818c788e56') in 0.0317653 seconds
Number of updated asset objects reloaded before import = 0Number of asset objects unloaded after import = 9

========================================================================
Received Import Request.
  Time since last request: 0.000033 seconds.
  path: Assets/_Resources/Pandazole_Ultimate_Pack/Pandazole Nature Environment Pack/Models/MineralNode_13_A.fbx
  artifactKey: Guid(da2ba24ad2a1f2c4cac538cb2ffcc1bb) Importer(815301076,1909f56bfc062723c751e8b465ee728b)
Start importing Assets/_Resources/Pandazole_Ultimate_Pack/Pandazole Nature Environment Pack/Models/MineralNode_13_A.fbx using Guid(da2ba24ad2a1f2c4cac538cb2ffcc1bb) Importer(815301076,1909f56bfc062723c751e8b465ee728b) (PreviewImporter) -> (artifact id: 'bd5d31e28afd8ec9851d24e87b202464') in 0.0213315 seconds
Number of updated asset objects reloaded before import = 0Number of asset objects unloaded after import = 9

========================================================================
Received Import Request.
  Time since last request: 14.243465 seconds.
  path: Assets/_Resources/Pandazole_Ultimate_Pack/Pandazole Nature Environment Pack/Models/MineralNode_14_A.fbx
  artifactKey: Guid(706770dfd223aa54a9c40bca1910c7db) Importer(815301076,1909f56bfc062723c751e8b465ee728b)
Start importing Assets/_Resources/Pandazole_Ultimate_Pack/Pandazole Nature Environment Pack/Models/MineralNode_14_A.fbx using Guid(706770dfd223aa54a9c40bca1910c7db) Importer(815301076,1909f56bfc062723c751e8b465ee728b) (PreviewImporter) -> (artifact id: 'e50ceaa95ad8eeb03194f92d628492ab') in 0.0407965 seconds
Number of updated asset objects reloaded before import = 0Number of asset objects unloaded after import = 9

========================================================================
Received Import Request.
  Time since last request: 0.000030 seconds.
  path: Assets/_Resources/Pandazole_Ultimate_Pack/Pandazole Nature Environment Pack/Models/MineralNode_15_B.fbx
  artifactKey: Guid(05aaae9313f42f04da472b6fc5185eb1) Importer(815301076,1909f56bfc062723c751e8b465ee728b)
Start importing Assets/_Resources/Pandazole_Ultimate_Pack/Pandazole Nature Environment Pack/Models/MineralNode_15_B.fbx using Guid(05aaae9313f42f04da472b6fc5185eb1) Importer(815301076,1909f56bfc062723c751e8b465ee728b) (PreviewImporter) -> (artifact id: '1eed496d795fea587381f14fe6ea789e') in 0.027291 seconds
Number of updated asset objects reloaded before import = 0Number of asset objects unloaded after import = 9

========================================================================
Received Import Request.
  Time since last request: 0.000031 seconds.
  path: Assets/_Resources/Pandazole_Ultimate_Pack/Pandazole Nature Environment Pack/Models/Plant_Stem_03.fbx
  artifactKey: Guid(68ae80f8c3896c1459c040400dcd799b) Importer(815301076,1909f56bfc062723c751e8b465ee728b)
Start importing Assets/_Resources/Pandazole_Ultimate_Pack/Pandazole Nature Environment Pack/Models/Plant_Stem_03.fbx using Guid(68ae80f8c3896c1459c040400dcd799b) Importer(815301076,1909f56bfc062723c751e8b465ee728b) (PreviewImporter) -> (artifact id: '8e9ed7e8c16e45a70a46281d004f0bdf') in 0.0239291 seconds
Number of updated asset objects reloaded before import = 0Number of asset objects unloaded after import = 9

========================================================================
Received Import Request.
  Time since last request: 0.000035 seconds.
  path: Assets/_Resources/Pandazole_Ultimate_Pack/Pandazole Nature Environment Pack/Models/Plant_Stem_01.fbx
  artifactKey: Guid(ee7fe59cbf4bcf1459405377efe67a35) Importer(815301076,1909f56bfc062723c751e8b465ee728b)
Start importing Assets/_Resources/Pandazole_Ultimate_Pack/Pandazole Nature Environment Pack/Models/Plant_Stem_01.fbx using Guid(ee7fe59cbf4bcf1459405377efe67a35) Importer(815301076,1909f56bfc062723c751e8b465ee728b) (PreviewImporter) -> (artifact id: '333ba9bd043bc14b022e2aff05c22b5b') in 0.0240806 seconds
Number of updated asset objects reloaded before import = 0Number of asset objects unloaded after import = 9

========================================================================
Received Import Request.
  Time since last request: 1.603418 seconds.
  path: Assets/_Resources/Pandazole_Ultimate_Pack/Pandazole Nature Environment Pack/Models/SoftRock_02.fbx
  artifactKey: Guid(0a501827f6ed62d48921c0473fb06f5a) Importer(815301076,1909f56bfc062723c751e8b465ee728b)
Start importing Assets/_Resources/Pandazole_Ultimate_Pack/Pandazole Nature Environment Pack/Models/SoftRock_02.fbx using Guid(0a501827f6ed62d48921c0473fb06f5a) Importer(815301076,1909f56bfc062723c751e8b465ee728b) (PreviewImporter) -> (artifact id: '7ada0047375ba094589c0d4991120d05') in 0.0286383 seconds
Number of updated asset objects reloaded before import = 0Number of asset objects unloaded after import = 9

========================================================================
Received Import Request.
  Time since last request: 0.000022 seconds.
  path: Assets/_Resources/Pandazole_Ultimate_Pack/Pandazole Nature Environment Pack/Models/SoftRock_13.fbx
  artifactKey: Guid(550d170aef491a84a902ae4f01d21e60) Importer(815301076,1909f56bfc062723c751e8b465ee728b)
Start importing Assets/_Resources/Pandazole_Ultimate_Pack/Pandazole Nature Environment Pack/Models/SoftRock_13.fbx using Guid(550d170aef491a84a902ae4f01d21e60) Importer(815301076,1909f56bfc062723c751e8b465ee728b) (PreviewImporter) -> (artifact id: '54cafb5d29247642b8a7a2853fc845ad') in 0.0297427 seconds
Number of updated asset objects reloaded before import = 0Number of asset objects unloaded after import = 9

========================================================================
Received Import Request.
  Time since last request: 0.000028 seconds.
  path: Assets/_Resources/Pandazole_Ultimate_Pack/Pandazole Nature Environment Pack/Models/Thorns_05.fbx
  artifactKey: Guid(74bb7fbceccc7934388bf384688a8c80) Importer(815301076,1909f56bfc062723c751e8b465ee728b)
Start importing Assets/_Resources/Pandazole_Ultimate_Pack/Pandazole Nature Environment Pack/Models/Thorns_05.fbx using Guid(74bb7fbceccc7934388bf384688a8c80) Importer(815301076,1909f56bfc062723c751e8b465ee728b) (PreviewImporter) -> (artifact id: '94ee1008e6d8fbd248ee7bae53a39ae5') in 0.0322373 seconds
Number of updated asset objects reloaded before import = 0Number of asset objects unloaded after import = 9

========================================================================
Received Import Request.
  Time since last request: 0.000038 seconds.
  path: Assets/_Resources/Pandazole_Ultimate_Pack/Pandazole Nature Environment Pack/Models/SoftRock_18.fbx
  artifactKey: Guid(eafbf80e77c83e64fb39f0c896284b9f) Importer(815301076,1909f56bfc062723c751e8b465ee728b)
Start importing Assets/_Resources/Pandazole_Ultimate_Pack/Pandazole Nature Environment Pack/Models/SoftRock_18.fbx using Guid(eafbf80e77c83e64fb39f0c896284b9f) Importer(815301076,1909f56bfc062723c751e8b465ee728b) (PreviewImporter) -> (artifact id: '5f0ebbd38fcc5fa862968a10ed4463ee') in 0.0306992 seconds
Number of updated asset objects reloaded before import = 0Number of asset objects unloaded after import = 9

========================================================================
Received Import Request.
  Time since last request: 0.000024 seconds.
  path: Assets/_Resources/Pandazole_Ultimate_Pack/Pandazole Nature Environment Pack/Models/SoftRock_32.fbx
  artifactKey: Guid(e2707e4804f9c974da139cfbfff9785b) Importer(815301076,1909f56bfc062723c751e8b465ee728b)
Start importing Assets/_Resources/Pandazole_Ultimate_Pack/Pandazole Nature Environment Pack/Models/SoftRock_32.fbx using Guid(e2707e4804f9c974da139cfbfff9785b) Importer(815301076,1909f56bfc062723c751e8b465ee728b) (PreviewImporter) -> (artifact id: '7e97e70535c76619ad5c77efd9e575f4') in 0.0235013 seconds
Number of updated asset objects reloaded before import = 0Number of asset objects unloaded after import = 9

========================================================================
Received Import Request.
  Time since last request: 0.000024 seconds.
  path: Assets/_Resources/Pandazole_Ultimate_Pack/Pandazole Nature Environment Pack/Models/SoftRock_24.fbx
  artifactKey: Guid(5af9eb61fb4a89948834d619c84cb8cf) Importer(815301076,1909f56bfc062723c751e8b465ee728b)
Start importing Assets/_Resources/Pandazole_Ultimate_Pack/Pandazole Nature Environment Pack/Models/SoftRock_24.fbx using Guid(5af9eb61fb4a89948834d619c84cb8cf) Importer(815301076,1909f56bfc062723c751e8b465ee728b) (PreviewImporter) -> (artifact id: '9f316eabaf2e7856eef12401bb46a7aa') in 0.0237782 seconds
Number of updated asset objects reloaded before import = 0Number of asset objects unloaded after import = 9

========================================================================
Received Import Request.
  Time since last request: 0.000034 seconds.
  path: Assets/_Resources/Pandazole_Ultimate_Pack/Pandazole Nature Environment Pack/Models/SoftRock_28.fbx
  artifactKey: Guid(8b70798598602254c8e15353c0999760) Importer(815301076,1909f56bfc062723c751e8b465ee728b)
Start importing Assets/_Resources/Pandazole_Ultimate_Pack/Pandazole Nature Environment Pack/Models/SoftRock_28.fbx using Guid(8b70798598602254c8e15353c0999760) Importer(815301076,1909f56bfc062723c751e8b465ee728b) (PreviewImporter) -> (artifact id: '4b0a79035cd4ad4b96998918fd78e4e6') in 0.0258895 seconds
Number of updated asset objects reloaded before import = 0Number of asset objects unloaded after import = 9

========================================================================
Received Import Request.
  Time since last request: 0.000042 seconds.
  path: Assets/_Resources/Pandazole_Ultimate_Pack/Pandazole Nature Environment Pack/Models/SoftRock_14.fbx
  artifactKey: Guid(ce2dfff21f03d92448159bb072f9616d) Importer(815301076,1909f56bfc062723c751e8b465ee728b)
Start importing Assets/_Resources/Pandazole_Ultimate_Pack/Pandazole Nature Environment Pack/Models/SoftRock_14.fbx using Guid(ce2dfff21f03d92448159bb072f9616d) Importer(815301076,1909f56bfc062723c751e8b465ee728b) (PreviewImporter) -> (artifact id: '42781717850c388d9d1d9dfcbaab51eb') in 0.0250332 seconds
Number of updated asset objects reloaded before import = 0Number of asset objects unloaded after import = 9

========================================================================
Received Import Request.
  Time since last request: 0.000022 seconds.
  path: Assets/_Resources/Pandazole_Ultimate_Pack/Pandazole Nature Environment Pack/Models/Thorns_12.fbx
  artifactKey: Guid(89e31d0f914ccd94983570d4cc385bbd) Importer(815301076,1909f56bfc062723c751e8b465ee728b)
Start importing Assets/_Resources/Pandazole_Ultimate_Pack/Pandazole Nature Environment Pack/Models/Thorns_12.fbx using Guid(89e31d0f914ccd94983570d4cc385bbd) Importer(815301076,1909f56bfc062723c751e8b465ee728b) (PreviewImporter) -> (artifact id: '4fcf19f6a2982783592a41f35c0d5400') in 0.0218492 seconds
Number of updated asset objects reloaded before import = 0Number of asset objects unloaded after import = 9

========================================================================
Received Import Request.
  Time since last request: 0.000022 seconds.
  path: Assets/_Resources/Pandazole_Ultimate_Pack/Pandazole Nature Environment Pack/Models/TileGround_01.fbx
  artifactKey: Guid(2a137ee4c00892e4586178d2e98353fa) Importer(815301076,1909f56bfc062723c751e8b465ee728b)
Start importing Assets/_Resources/Pandazole_Ultimate_Pack/Pandazole Nature Environment Pack/Models/TileGround_01.fbx using Guid(2a137ee4c00892e4586178d2e98353fa) Importer(815301076,1909f56bfc062723c751e8b465ee728b) (PreviewImporter) -> (artifact id: '93b6349aaa2193498e7412a0fca2480d') in 0.0240496 seconds
Number of updated asset objects reloaded before import = 0Number of asset objects unloaded after import = 9

========================================================================
Received Import Request.
  Time since last request: 0.000023 seconds.
  path: Assets/_Resources/Pandazole_Ultimate_Pack/Pandazole Nature Environment Pack/Models/Thorns_14.fbx
  artifactKey: Guid(95cf229fc63fba443a78b77959a14223) Importer(815301076,1909f56bfc062723c751e8b465ee728b)
Start importing Assets/_Resources/Pandazole_Ultimate_Pack/Pandazole Nature Environment Pack/Models/Thorns_14.fbx using Guid(95cf229fc63fba443a78b77959a14223) Importer(815301076,1909f56bfc062723c751e8b465ee728b) (PreviewImporter) -> (artifact id: '793efe6182a1155eca0b724c11ffd00b') in 0.0268821 seconds
Number of updated asset objects reloaded before import = 0Number of asset objects unloaded after import = 9

========================================================================
Received Import Request.
  Time since last request: 0.000039 seconds.
  path: Assets/_Resources/Pandazole_Ultimate_Pack/Pandazole Nature Environment Pack/Models/Thorns_01.fbx
  artifactKey: Guid(e43d0aa132321724a9f45e4a30babfaf) Importer(815301076,1909f56bfc062723c751e8b465ee728b)
Start importing Assets/_Resources/Pandazole_Ultimate_Pack/Pandazole Nature Environment Pack/Models/Thorns_01.fbx using Guid(e43d0aa132321724a9f45e4a30babfaf) Importer(815301076,1909f56bfc062723c751e8b465ee728b) (PreviewImporter) -> (artifact id: 'a7cc0360ed0945f306a8fef2fa5f2d77') in 0.0238751 seconds
Number of updated asset objects reloaded before import = 0Number of asset objects unloaded after import = 9

========================================================================
Received Import Request.
  Time since last request: 0.206295 seconds.
  path: Assets/_Resources/Pandazole_Ultimate_Pack/Pandazole Nature Environment Pack/Models/TileGround_03.fbx
  artifactKey: Guid(c465a3b89bfc05244b739bbb16632739) Importer(815301076,1909f56bfc062723c751e8b465ee728b)
Start importing Assets/_Resources/Pandazole_Ultimate_Pack/Pandazole Nature Environment Pack/Models/TileGround_03.fbx using Guid(c465a3b89bfc05244b739bbb16632739) Importer(815301076,1909f56bfc062723c751e8b465ee728b) (PreviewImporter) -> (artifact id: '7033786ac63825f7776ab05b7c9cd18e') in 0.0207951 seconds
Number of updated asset objects reloaded before import = 0Number of asset objects unloaded after import = 9

========================================================================
Received Import Request.
  Time since last request: 0.000027 seconds.
  path: Assets/_Resources/Pandazole_Ultimate_Pack/Pandazole Nature Environment Pack/Models/TileGround_16.fbx
  artifactKey: Guid(616b67b5dbf900544833819e5ba6d929) Importer(815301076,1909f56bfc062723c751e8b465ee728b)
Start importing Assets/_Resources/Pandazole_Ultimate_Pack/Pandazole Nature Environment Pack/Models/TileGround_16.fbx using Guid(616b67b5dbf900544833819e5ba6d929) Importer(815301076,1909f56bfc062723c751e8b465ee728b) (PreviewImporter) -> (artifact id: '0547d781d4666c4a6046cc0bd5c7d423') in 0.0277249 seconds
Number of updated asset objects reloaded before import = 0Number of asset objects unloaded after import = 9

========================================================================
Received Import Request.
  Time since last request: 0.000025 seconds.
  path: Assets/_Resources/Pandazole_Ultimate_Pack/Pandazole Nature Environment Pack/Models/TileGround_14.fbx
  artifactKey: Guid(205dda3668f2f854b9c244e70cd7da6a) Importer(815301076,1909f56bfc062723c751e8b465ee728b)
Start importing Assets/_Resources/Pandazole_Ultimate_Pack/Pandazole Nature Environment Pack/Models/TileGround_14.fbx using Guid(205dda3668f2f854b9c244e70cd7da6a) Importer(815301076,1909f56bfc062723c751e8b465ee728b) (PreviewImporter) -> (artifact id: 'a267392758fad6aeb9f6646c6031f845') in 0.025074 seconds
Number of updated asset objects reloaded before import = 0Number of asset objects unloaded after import = 9

========================================================================
Received Import Request.
  Time since last request: 0.000036 seconds.
  path: Assets/_Resources/Pandazole_Ultimate_Pack/Pandazole Nature Environment Pack/Models/TileGround_07.fbx
  artifactKey: Guid(463a13ea4eecd1a4bbe9b6dd6491cf28) Importer(815301076,1909f56bfc062723c751e8b465ee728b)
Start importing Assets/_Resources/Pandazole_Ultimate_Pack/Pandazole Nature Environment Pack/Models/TileGround_07.fbx using Guid(463a13ea4eecd1a4bbe9b6dd6491cf28) Importer(815301076,1909f56bfc062723c751e8b465ee728b) (PreviewImporter) -> (artifact id: '64579bccc992045c143482d926a40d02') in 0.0247912 seconds
Number of updated asset objects reloaded before import = 0Number of asset objects unloaded after import = 9

========================================================================
Received Import Request.
  Time since last request: 0.223466 seconds.
  path: Assets/_Resources/Pandazole_Ultimate_Pack/Pandazole Nature Environment Pack/Models/TileGround_19.fbx
  artifactKey: Guid(6b6e80ed886ef6e45aa9bae2be3a9911) Importer(815301076,1909f56bfc062723c751e8b465ee728b)
Start importing Assets/_Resources/Pandazole_Ultimate_Pack/Pandazole Nature Environment Pack/Models/TileGround_19.fbx using Guid(6b6e80ed886ef6e45aa9bae2be3a9911) Importer(815301076,1909f56bfc062723c751e8b465ee728b) (PreviewImporter) -> (artifact id: '1c1b3aa2d7a35acd3b7181445dc8a4f9') in 0.0243676 seconds
Number of updated asset objects reloaded before import = 0Number of asset objects unloaded after import = 9

========================================================================
Received Import Request.
  Time since last request: 0.000021 seconds.
  path: Assets/_Resources/Pandazole_Ultimate_Pack/Pandazole Nature Environment Pack/Models/TileGround_32.fbx
  artifactKey: Guid(43761c0c9901ad04c84423f9c86dfbd6) Importer(815301076,1909f56bfc062723c751e8b465ee728b)
Start importing Assets/_Resources/Pandazole_Ultimate_Pack/Pandazole Nature Environment Pack/Models/TileGround_32.fbx using Guid(43761c0c9901ad04c84423f9c86dfbd6) Importer(815301076,1909f56bfc062723c751e8b465ee728b) (PreviewImporter) -> (artifact id: '7ea2a1c6af06f75b219cb16f8b4e3d0e') in 0.0235347 seconds
Number of updated asset objects reloaded before import = 0Number of asset objects unloaded after import = 9

========================================================================
Received Import Request.
  Time since last request: 0.000024 seconds.
  path: Assets/_Resources/Pandazole_Ultimate_Pack/Pandazole Nature Environment Pack/Models/TileGround_29.fbx
  artifactKey: Guid(fc364618ce04a0c43835113d1a502da8) Importer(815301076,1909f56bfc062723c751e8b465ee728b)
Start importing Assets/_Resources/Pandazole_Ultimate_Pack/Pandazole Nature Environment Pack/Models/TileGround_29.fbx using Guid(fc364618ce04a0c43835113d1a502da8) Importer(815301076,1909f56bfc062723c751e8b465ee728b) (PreviewImporter) -> (artifact id: '7276c26b956655d633964871976c6243') in 0.024681 seconds
Number of updated asset objects reloaded before import = 0Number of asset objects unloaded after import = 9

========================================================================
Received Import Request.
  Time since last request: 0.000027 seconds.
  path: Assets/_Resources/Pandazole_Ultimate_Pack/Pandazole Nature Environment Pack/Models/TileGround_33.fbx
  artifactKey: Guid(a750b28a43fcf7f48ba0a23ddaf0aaf5) Importer(815301076,1909f56bfc062723c751e8b465ee728b)
Start importing Assets/_Resources/Pandazole_Ultimate_Pack/Pandazole Nature Environment Pack/Models/TileGround_33.fbx using Guid(a750b28a43fcf7f48ba0a23ddaf0aaf5) Importer(815301076,1909f56bfc062723c751e8b465ee728b) (PreviewImporter) -> (artifact id: 'ebdcef9e2cb9908a62d0ad0330b5784b') in 0.0219413 seconds
Number of updated asset objects reloaded before import = 0Number of asset objects unloaded after import = 9

========================================================================
Received Import Request.
  Time since last request: 0.087363 seconds.
  path: Assets/_Resources/Pandazole_Ultimate_Pack/Pandazole Nature Environment Pack/Models/TileGround_35.fbx
  artifactKey: Guid(0033bd2df072b7a488fc3623899ac6bb) Importer(815301076,1909f56bfc062723c751e8b465ee728b)
Start importing Assets/_Resources/Pandazole_Ultimate_Pack/Pandazole Nature Environment Pack/Models/TileGround_35.fbx using Guid(0033bd2df072b7a488fc3623899ac6bb) Importer(815301076,1909f56bfc062723c751e8b465ee728b) (PreviewImporter) -> (artifact id: 'de98277048cb8468758485c74c3c67bf') in 0.0266305 seconds
Number of updated asset objects reloaded before import = 0Number of asset objects unloaded after import = 9

========================================================================
Received Import Request.
  Time since last request: 0.000025 seconds.
  path: Assets/_Resources/Pandazole_Ultimate_Pack/Pandazole Nature Environment Pack/Models/TileGround_43.fbx
  artifactKey: Guid(fa2f3595bd44dae4aaf939afe5800431) Importer(815301076,1909f56bfc062723c751e8b465ee728b)
Start importing Assets/_Resources/Pandazole_Ultimate_Pack/Pandazole Nature Environment Pack/Models/TileGround_43.fbx using Guid(fa2f3595bd44dae4aaf939afe5800431) Importer(815301076,1909f56bfc062723c751e8b465ee728b) (PreviewImporter) -> (artifact id: '5eebf22a901ad9c4a13a0065e3404e04') in 0.0233656 seconds
Number of updated asset objects reloaded before import = 0Number of asset objects unloaded after import = 9

========================================================================
Received Import Request.
  Time since last request: 0.000034 seconds.
  path: Assets/_Resources/Pandazole_Ultimate_Pack/Pandazole Nature Environment Pack/Models/TileGround_47.fbx
  artifactKey: Guid(544c47a752f1e7c418c25fb0c901fade) Importer(815301076,1909f56bfc062723c751e8b465ee728b)
Start importing Assets/_Resources/Pandazole_Ultimate_Pack/Pandazole Nature Environment Pack/Models/TileGround_47.fbx using Guid(544c47a752f1e7c418c25fb0c901fade) Importer(815301076,1909f56bfc062723c751e8b465ee728b) (PreviewImporter) -> (artifact id: '4e1cac4e3fbe63e166225e8b282b6d11') in 0.0248069 seconds
Number of updated asset objects reloaded before import = 0Number of asset objects unloaded after import = 9

========================================================================
Received Import Request.
  Time since last request: 0.000021 seconds.
  path: Assets/_Resources/Pandazole_Ultimate_Pack/Pandazole Nature Environment Pack/Models/TileGround_40.fbx
  artifactKey: Guid(bf6870bc2f69d8945ad22398dbb8ab14) Importer(815301076,1909f56bfc062723c751e8b465ee728b)
Start importing Assets/_Resources/Pandazole_Ultimate_Pack/Pandazole Nature Environment Pack/Models/TileGround_40.fbx using Guid(bf6870bc2f69d8945ad22398dbb8ab14) Importer(815301076,1909f56bfc062723c751e8b465ee728b) (PreviewImporter) -> (artifact id: '262f76569e2b0716d23da638b872489d') in 0.0205829 seconds
Number of updated asset objects reloaded before import = 0Number of asset objects unloaded after import = 9

========================================================================
Received Import Request.
  Time since last request: 0.159470 seconds.
  path: Assets/_Resources/Pandazole_Ultimate_Pack/Pandazole Nature Environment Pack/Models/TileHex_03.fbx
  artifactKey: Guid(5af4ccdd89e02ec4ebdcf0f0bce17e7a) Importer(815301076,1909f56bfc062723c751e8b465ee728b)
Start importing Assets/_Resources/Pandazole_Ultimate_Pack/Pandazole Nature Environment Pack/Models/TileHex_03.fbx using Guid(5af4ccdd89e02ec4ebdcf0f0bce17e7a) Importer(815301076,1909f56bfc062723c751e8b465ee728b) (PreviewImporter) -> (artifact id: 'f1ddce4bc8252ab69b26a97ceb794b9f') in 0.0256483 seconds
Number of updated asset objects reloaded before import = 0Number of asset objects unloaded after import = 9

========================================================================
Received Import Request.
  Time since last request: 0.000025 seconds.
  path: Assets/_Resources/Pandazole_Ultimate_Pack/Pandazole Nature Environment Pack/Models/TileHex_14.fbx
  artifactKey: Guid(de3e6151cb11db040b968e445857926d) Importer(815301076,1909f56bfc062723c751e8b465ee728b)
Start importing Assets/_Resources/Pandazole_Ultimate_Pack/Pandazole Nature Environment Pack/Models/TileHex_14.fbx using Guid(de3e6151cb11db040b968e445857926d) Importer(815301076,1909f56bfc062723c751e8b465ee728b) (PreviewImporter) -> (artifact id: '03c30c89b3c66a01a36a8c8bcee51cea') in 0.0243149 seconds
Number of updated asset objects reloaded before import = 0Number of asset objects unloaded after import = 9

========================================================================
Received Import Request.
  Time since last request: 0.000034 seconds.
  path: Assets/_Resources/Pandazole_Ultimate_Pack/Pandazole Nature Environment Pack/Models/TileHex_28.fbx
  artifactKey: Guid(0cb3c50df4587e947b595f7e03c81548) Importer(815301076,1909f56bfc062723c751e8b465ee728b)
Start importing Assets/_Resources/Pandazole_Ultimate_Pack/Pandazole Nature Environment Pack/Models/TileHex_28.fbx using Guid(0cb3c50df4587e947b595f7e03c81548) Importer(815301076,1909f56bfc062723c751e8b465ee728b) (PreviewImporter) -> (artifact id: '8d3f58725007a24f6fd3e0fa35b62e93') in 0.0220578 seconds
Number of updated asset objects reloaded before import = 0Number of asset objects unloaded after import = 9

========================================================================
Received Import Request.
  Time since last request: 0.000023 seconds.
  path: Assets/_Resources/Pandazole_Ultimate_Pack/Pandazole Nature Environment Pack/Models/TileHex_29.fbx
  artifactKey: Guid(f1e8f8b84b2a21a4e85a5143be4a026d) Importer(815301076,1909f56bfc062723c751e8b465ee728b)
Start importing Assets/_Resources/Pandazole_Ultimate_Pack/Pandazole Nature Environment Pack/Models/TileHex_29.fbx using Guid(f1e8f8b84b2a21a4e85a5143be4a026d) Importer(815301076,1909f56bfc062723c751e8b465ee728b) (PreviewImporter) -> (artifact id: 'e3192bfd84c002c899de8b3d5dde4cff') in 0.0193633 seconds
Number of updated asset objects reloaded before import = 0Number of asset objects unloaded after import = 9

========================================================================
Received Import Request.
  Time since last request: 0.000022 seconds.
  path: Assets/_Resources/Pandazole_Ultimate_Pack/Pandazole Nature Environment Pack/Models/TileHex_26.fbx
  artifactKey: Guid(b40d0046f46688146b805bb6c0247e50) Importer(815301076,1909f56bfc062723c751e8b465ee728b)
Start importing Assets/_Resources/Pandazole_Ultimate_Pack/Pandazole Nature Environment Pack/Models/TileHex_26.fbx using Guid(b40d0046f46688146b805bb6c0247e50) Importer(815301076,1909f56bfc062723c751e8b465ee728b) (PreviewImporter) -> (artifact id: '1ebee6bf293e276d97cd02a8e0bfe358') in 0.0280466 seconds
Number of updated asset objects reloaded before import = 0Number of asset objects unloaded after import = 9

========================================================================
Received Import Request.
  Time since last request: 0.000035 seconds.
  path: Assets/_Resources/Pandazole_Ultimate_Pack/Pandazole Nature Environment Pack/Models/TileHex_24.fbx
  artifactKey: Guid(7d1baaf608ef2d24bac7ceaa8e1ed088) Importer(815301076,1909f56bfc062723c751e8b465ee728b)
Start importing Assets/_Resources/Pandazole_Ultimate_Pack/Pandazole Nature Environment Pack/Models/TileHex_24.fbx using Guid(7d1baaf608ef2d24bac7ceaa8e1ed088) Importer(815301076,1909f56bfc062723c751e8b465ee728b) (PreviewImporter) -> (artifact id: '11a338295528d67424a2c7b761748e8f') in 0.0238121 seconds
Number of updated asset objects reloaded before import = 0Number of asset objects unloaded after import = 9

========================================================================
Received Import Request.
  Time since last request: 0.000046 seconds.
  path: Assets/_Resources/Pandazole_Ultimate_Pack/Pandazole Nature Environment Pack/Models/TileHex_17.fbx
  artifactKey: Guid(9a218f79734d77b4dbca803088159577) Importer(815301076,1909f56bfc062723c751e8b465ee728b)
Start importing Assets/_Resources/Pandazole_Ultimate_Pack/Pandazole Nature Environment Pack/Models/TileHex_17.fbx using Guid(9a218f79734d77b4dbca803088159577) Importer(815301076,1909f56bfc062723c751e8b465ee728b) (PreviewImporter) -> (artifact id: 'e0f3c8ceb422de26b9b11429ca83709f') in 0.0214718 seconds
Number of updated asset objects reloaded before import = 0Number of asset objects unloaded after import = 9

========================================================================
Received Import Request.
  Time since last request: 0.000028 seconds.
  path: Assets/_Resources/Pandazole_Ultimate_Pack/Pandazole Nature Environment Pack/Models/TileHex_25.fbx
  artifactKey: Guid(8ee934d2e23e1f34c9f6d954ed32c24a) Importer(815301076,1909f56bfc062723c751e8b465ee728b)
Start importing Assets/_Resources/Pandazole_Ultimate_Pack/Pandazole Nature Environment Pack/Models/TileHex_25.fbx using Guid(8ee934d2e23e1f34c9f6d954ed32c24a) Importer(815301076,1909f56bfc062723c751e8b465ee728b) (PreviewImporter) -> (artifact id: '07a80d6c19f41c24a0fff85c8eff3f33') in 0.0203947 seconds
Number of updated asset objects reloaded before import = 0Number of asset objects unloaded after import = 9

Editor requested this worker to shutdown with reason: Scaling down because of idle timeout
AssetImportWorker is now disconnected from the server
Process exiting
Exiting without the bug reporter. Application will terminate with return code 0